  [4;36;1mSQL (0.010865)[0m   [0;1mSET NAMES 'utf8'[0m
  [4;35;1mSQL (0.000129)[0m   [0mSET SQL_AUTO_IS_NULL=0[0m
  [4;36;1mSQL (0.000514)[0m   [0;1mSHOW TABLES[0m
  [4;35;1mSQL (0.017112)[0m   [0mCREATE TABLE `schema_migrations` (`version` varchar(255) NOT NULL) ENGINE=InnoDB[0m
  [4;36;1mSQL (0.004760)[0m   [0;1mCREATE UNIQUE INDEX `unique_schema_migrations` ON `schema_migrations` (`version`)[0m
  [4;35;1mSQL (0.000272)[0m   [0mSHOW TABLES[0m
  [4;36;1mSQL (0.000313)[0m   [0;1mSELECT version FROM schema_migrations[0m
Migrating to CreateUsers (20081018134133)
  [4;35;1mSQL (0.000252)[0m   [0mSHOW TABLES[0m
  [4;36;1mSQL (0.001584)[0m   [0;1mCREATE TABLE `users` (`id` int(11) DEFAULT NULL auto_increment PRIMARY KEY, `login` varchar(40), `name` varchar(100) DEFAULT '', `email` varchar(100), `crypted_password` varchar(40), `salt` varchar(40), `created_at` datetime, `updated_at` datetime, `remember_token` varchar(40), `remember_token_expires_at` datetime, `activation_code` varchar(40), `activated_at` datetime, `password_reset_code` varchar(40), `enabled` tinyint(1) DEFAULT 1) ENGINE=InnoDB[0m
  [4;35;1mSQL (0.005446)[0m   [0mCREATE UNIQUE INDEX `index_users_on_login` ON `users` (`login`)[0m
  [4;36;1mSQL (0.000477)[0m   [0;1mINSERT INTO schema_migrations (version) VALUES ('20081018134133')[0m
  [4;35;1mSQL (0.000336)[0m   [0mSHOW TABLES[0m
  [4;36;1mSQL (0.000128)[0m   [0;1mSELECT version FROM schema_migrations[0m
  [4;35;1mSQL (0.000202)[0m   [0mSHOW TABLES[0m
  [4;36;1mSQL (0.001952)[0m   [0;1mSHOW FIELDS FROM `users`[0m
  [4;35;1mSQL (0.002107)[0m   [0mdescribe `users`[0m
  [4;36;1mSQL (0.000647)[0m   [0;1mSHOW KEYS FROM `users`[0m


Processing IndexController#index (for 127.0.0.1 at 2008-10-18 10:20:06) [GET]
  Session ID: a6f7927b3198d43fc76d07e877065643
  Parameters: {"action"=>"index", "controller"=>"index"}
  [4;36;1mSQL (0.000153)[0m   [0;1mSET NAMES 'utf8'[0m
  [4;35;1mSQL (0.000085)[0m   [0mSET SQL_AUTO_IS_NULL=0[0m


ActionController::UnknownAction (No action responded to index):
    /usr/local/lib/ruby/gems/1.8/gems/actionpack-2.1.1/lib/action_controller/filters.rb:579:in `call_filters'
    /usr/local/lib/ruby/gems/1.8/gems/actionpack-2.1.1/lib/action_controller/filters.rb:572:in `perform_action_without_benchmark'
    /usr/local/lib/ruby/gems/1.8/gems/actionpack-2.1.1/lib/action_controller/benchmarking.rb:68:in `perform_action_without_rescue'
    /usr/local/lib/ruby/1.8/benchmark.rb:293:in `measure'
    /usr/local/lib/ruby/gems/1.8/gems/actionpack-2.1.1/lib/action_controller/benchmarking.rb:68:in `perform_action_without_rescue'
    /usr/local/lib/ruby/gems/1.8/gems/actionpack-2.1.1/lib/action_controller/rescue.rb:201:in `perform_action_without_caching'
    /usr/local/lib/ruby/gems/1.8/gems/actionpack-2.1.1/lib/action_controller/caching/sql_cache.rb:13:in `perform_action'
    /usr/local/lib/ruby/gems/1.8/gems/activerecord-2.1.1/lib/active_record/connection_adapters/abstract/query_cache.rb:33:in `cache'
    /usr/local/lib/ruby/gems/1.8/gems/activerecord-2.1.1/lib/active_record/query_cache.rb:8:in `cache'
    /usr/local/lib/ruby/gems/1.8/gems/actionpack-2.1.1/lib/action_controller/caching/sql_cache.rb:12:in `perform_action'
    /usr/local/lib/ruby/gems/1.8/gems/actionpack-2.1.1/lib/action_controller/base.rb:529:in `send'
    /usr/local/lib/ruby/gems/1.8/gems/actionpack-2.1.1/lib/action_controller/base.rb:529:in `process_without_filters'
    /usr/local/lib/ruby/gems/1.8/gems/actionpack-2.1.1/lib/action_controller/filters.rb:568:in `process_without_session_management_support'
    /usr/local/lib/ruby/gems/1.8/gems/actionpack-2.1.1/lib/action_controller/session_management.rb:130:in `process'
    /usr/local/lib/ruby/gems/1.8/gems/actionpack-2.1.1/lib/action_controller/base.rb:389:in `process'
    /usr/local/lib/ruby/gems/1.8/gems/actionpack-2.1.1/lib/action_controller/dispatcher.rb:149:in `handle_request'
    /usr/local/lib/ruby/gems/1.8/gems/actionpack-2.1.1/lib/action_controller/dispatcher.rb:107:in `dispatch'
    /usr/local/lib/ruby/gems/1.8/gems/actionpack-2.1.1/lib/action_controller/dispatcher.rb:104:in `synchronize'
    /usr/local/lib/ruby/gems/1.8/gems/actionpack-2.1.1/lib/action_controller/dispatcher.rb:104:in `dispatch'
    /usr/local/lib/ruby/gems/1.8/gems/actionpack-2.1.1/lib/action_controller/dispatcher.rb:120:in `dispatch_cgi'
    /usr/local/lib/ruby/gems/1.8/gems/actionpack-2.1.1/lib/action_controller/dispatcher.rb:35:in `dispatch'
    /usr/local/lib/ruby/gems/1.8/gems/mongrel-1.1.5/bin/../lib/mongrel/rails.rb:76:in `process'
    /usr/local/lib/ruby/gems/1.8/gems/mongrel-1.1.5/bin/../lib/mongrel/rails.rb:74:in `synchronize'
    /usr/local/lib/ruby/gems/1.8/gems/mongrel-1.1.5/bin/../lib/mongrel/rails.rb:74:in `process'
    /usr/local/lib/ruby/gems/1.8/gems/mongrel-1.1.5/lib/mongrel.rb:159:in `process_client'
    /usr/local/lib/ruby/gems/1.8/gems/mongrel-1.1.5/lib/mongrel.rb:158:in `each'
    /usr/local/lib/ruby/gems/1.8/gems/mongrel-1.1.5/lib/mongrel.rb:158:in `process_client'
    /usr/local/lib/ruby/gems/1.8/gems/mongrel-1.1.5/lib/mongrel.rb:285:in `run'
    /usr/local/lib/ruby/gems/1.8/gems/mongrel-1.1.5/lib/mongrel.rb:285:in `initialize'
    /usr/local/lib/ruby/gems/1.8/gems/mongrel-1.1.5/lib/mongrel.rb:285:in `new'
    /usr/local/lib/ruby/gems/1.8/gems/mongrel-1.1.5/lib/mongrel.rb:285:in `run'
    /usr/local/lib/ruby/gems/1.8/gems/mongrel-1.1.5/lib/mongrel.rb:268:in `initialize'
    /usr/local/lib/ruby/gems/1.8/gems/mongrel-1.1.5/lib/mongrel.rb:268:in `new'
    /usr/local/lib/ruby/gems/1.8/gems/mongrel-1.1.5/lib/mongrel.rb:268:in `run'
    /usr/local/lib/ruby/gems/1.8/gems/mongrel-1.1.5/lib/mongrel/configurator.rb:282:in `run'
    /usr/local/lib/ruby/gems/1.8/gems/mongrel-1.1.5/lib/mongrel/configurator.rb:281:in `each'
    /usr/local/lib/ruby/gems/1.8/gems/mongrel-1.1.5/lib/mongrel/configurator.rb:281:in `run'
    /usr/local/lib/ruby/gems/1.8/gems/mongrel-1.1.5/bin/mongrel_rails:128:in `run'
    /usr/local/lib/ruby/gems/1.8/gems/mongrel-1.1.5/lib/mongrel/command.rb:212:in `run'
    /usr/local/lib/ruby/gems/1.8/gems/mongrel-1.1.5/bin/mongrel_rails:281
    /usr/local/lib/ruby/gems/1.8/gems/activesupport-2.1.1/lib/active_support/dependencies.rb:503:in `load'
    /usr/local/lib/ruby/gems/1.8/gems/activesupport-2.1.1/lib/active_support/dependencies.rb:503:in `load'
    /usr/local/lib/ruby/gems/1.8/gems/activesupport-2.1.1/lib/active_support/dependencies.rb:355:in `new_constants_in'
    /usr/local/lib/ruby/gems/1.8/gems/activesupport-2.1.1/lib/active_support/dependencies.rb:503:in `load'
    /usr/local/lib/ruby/gems/1.8/gems/rails-2.1.1/lib/commands/servers/mongrel.rb:64
    /usr/local/lib/ruby/site_ruby/1.8/rubygems/custom_require.rb:27:in `gem_original_require'
    /usr/local/lib/ruby/site_ruby/1.8/rubygems/custom_require.rb:27:in `require'
    /usr/local/lib/ruby/gems/1.8/gems/activesupport-2.1.1/lib/active_support/dependencies.rb:510:in `require'
    /usr/local/lib/ruby/gems/1.8/gems/activesupport-2.1.1/lib/active_support/dependencies.rb:355:in `new_constants_in'
    /usr/local/lib/ruby/gems/1.8/gems/activesupport-2.1.1/lib/active_support/dependencies.rb:510:in `require'
    /usr/local/lib/ruby/gems/1.8/gems/rails-2.1.1/lib/commands/server.rb:39
    /usr/local/lib/ruby/site_ruby/1.8/rubygems/custom_require.rb:27:in `gem_original_require'
    /usr/local/lib/ruby/site_ruby/1.8/rubygems/custom_require.rb:27:in `require'
    script/server:3

Rendering /usr/local/lib/ruby/gems/1.8/gems/actionpack-2.1.1/lib/action_controller/templates/rescues/layout.erb (not_found)


Processing IndexController#index (for 127.0.0.1 at 2008-10-18 10:20:39) [GET]
  Session ID: BAh7BiIKZmxhc2hJQzonQWN0aW9uQ29udHJvbGxlcjo6Rmxhc2g6OkZsYXNo
SGFzaHsABjoKQHVzZWR7AA==--507e0d76d907f57dd997562d059b9aed9c53fc47
  Parameters: {"action"=>"index", "controller"=>"index"}
Rendering template within layouts/application
Rendering index/index


ActionView::TemplateError (undefined local variable or method `app_name' for #<ActionView::Base:0x275b834>) on line #11 of layouts/application.html.erb:
8: 		<div id="page">
9: 			<div id="header">
10: 				<div id="logo">
11: 					<a class="homeLink" href="/"><%= app_name %></a>
12: 				</div>
13: 				<div id="nav">
14: 					<ul>

    app/views/layouts/application.html.erb:11:in `_run_erb_47app47views47layouts47application46html46erb'
    /usr/local/lib/ruby/gems/1.8/gems/actionpack-2.1.1/lib/action_view/base.rb:342:in `send'
    /usr/local/lib/ruby/gems/1.8/gems/actionpack-2.1.1/lib/action_view/base.rb:342:in `execute'
    /usr/local/lib/ruby/gems/1.8/gems/actionpack-2.1.1/lib/action_view/template_handlers/compilable.rb:29:in `send'
    /usr/local/lib/ruby/gems/1.8/gems/actionpack-2.1.1/lib/action_view/template_handlers/compilable.rb:29:in `render'
    /usr/local/lib/ruby/gems/1.8/gems/actionpack-2.1.1/lib/action_view/template.rb:35:in `render'
    /usr/local/lib/ruby/gems/1.8/gems/actionpack-2.1.1/lib/action_view/template.rb:22:in `render_template'
    /usr/local/lib/ruby/gems/1.8/gems/actionpack-2.1.1/lib/action_view/base.rb:248:in `render_file'
    /usr/local/lib/ruby/gems/1.8/gems/actionpack-2.1.1/lib/action_controller/layout.rb:257:in `render_without_benchmark'
    /usr/local/lib/ruby/gems/1.8/gems/actionpack-2.1.1/lib/action_controller/benchmarking.rb:51:in `render'
    /usr/local/lib/ruby/gems/1.8/gems/activesupport-2.1.1/lib/active_support/core_ext/benchmark.rb:8:in `realtime'
    /usr/local/lib/ruby/gems/1.8/gems/actionpack-2.1.1/lib/action_controller/benchmarking.rb:51:in `render'
    /usr/local/lib/ruby/gems/1.8/gems/actionpack-2.1.1/lib/action_controller/base.rb:1161:in `default_render'
    /usr/local/lib/ruby/gems/1.8/gems/actionpack-2.1.1/lib/action_controller/base.rb:1172:in `perform_action_without_filters'
    /usr/local/lib/ruby/gems/1.8/gems/actionpack-2.1.1/lib/action_controller/filters.rb:579:in `call_filters'
    /usr/local/lib/ruby/gems/1.8/gems/actionpack-2.1.1/lib/action_controller/filters.rb:572:in `perform_action_without_benchmark'
    /usr/local/lib/ruby/gems/1.8/gems/actionpack-2.1.1/lib/action_controller/benchmarking.rb:68:in `perform_action_without_rescue'
    /usr/local/lib/ruby/1.8/benchmark.rb:293:in `measure'
    /usr/local/lib/ruby/gems/1.8/gems/actionpack-2.1.1/lib/action_controller/benchmarking.rb:68:in `perform_action_without_rescue'
    /usr/local/lib/ruby/gems/1.8/gems/actionpack-2.1.1/lib/action_controller/rescue.rb:201:in `perform_action_without_caching'
    /usr/local/lib/ruby/gems/1.8/gems/actionpack-2.1.1/lib/action_controller/caching/sql_cache.rb:13:in `perform_action'
    /usr/local/lib/ruby/gems/1.8/gems/activerecord-2.1.1/lib/active_record/connection_adapters/abstract/query_cache.rb:33:in `cache'
    /usr/local/lib/ruby/gems/1.8/gems/activerecord-2.1.1/lib/active_record/query_cache.rb:8:in `cache'
    /usr/local/lib/ruby/gems/1.8/gems/actionpack-2.1.1/lib/action_controller/caching/sql_cache.rb:12:in `perform_action'
    /usr/local/lib/ruby/gems/1.8/gems/actionpack-2.1.1/lib/action_controller/base.rb:529:in `send'
    /usr/local/lib/ruby/gems/1.8/gems/actionpack-2.1.1/lib/action_controller/base.rb:529:in `process_without_filters'
    /usr/local/lib/ruby/gems/1.8/gems/actionpack-2.1.1/lib/action_controller/filters.rb:568:in `process_without_session_management_support'
    /usr/local/lib/ruby/gems/1.8/gems/actionpack-2.1.1/lib/action_controller/session_management.rb:130:in `process'
    /usr/local/lib/ruby/gems/1.8/gems/actionpack-2.1.1/lib/action_controller/base.rb:389:in `process'
    /usr/local/lib/ruby/gems/1.8/gems/actionpack-2.1.1/lib/action_controller/dispatcher.rb:149:in `handle_request'
    /usr/local/lib/ruby/gems/1.8/gems/actionpack-2.1.1/lib/action_controller/dispatcher.rb:107:in `dispatch'
    /usr/local/lib/ruby/gems/1.8/gems/actionpack-2.1.1/lib/action_controller/dispatcher.rb:104:in `synchronize'
    /usr/local/lib/ruby/gems/1.8/gems/actionpack-2.1.1/lib/action_controller/dispatcher.rb:104:in `dispatch'
    /usr/local/lib/ruby/gems/1.8/gems/actionpack-2.1.1/lib/action_controller/dispatcher.rb:120:in `dispatch_cgi'
    /usr/local/lib/ruby/gems/1.8/gems/actionpack-2.1.1/lib/action_controller/dispatcher.rb:35:in `dispatch'
    /usr/local/lib/ruby/gems/1.8/gems/mongrel-1.1.5/lib/mongrel/rails.rb:76:in `process'
    /usr/local/lib/ruby/gems/1.8/gems/mongrel-1.1.5/lib/mongrel/rails.rb:74:in `synchronize'
    /usr/local/lib/ruby/gems/1.8/gems/mongrel-1.1.5/lib/mongrel/rails.rb:74:in `process'
    /usr/local/lib/ruby/gems/1.8/gems/mongrel-1.1.5/lib/mongrel.rb:159:in `process_client'
    /usr/local/lib/ruby/gems/1.8/gems/mongrel-1.1.5/lib/mongrel.rb:158:in `each'
    /usr/local/lib/ruby/gems/1.8/gems/mongrel-1.1.5/lib/mongrel.rb:158:in `process_client'
    /usr/local/lib/ruby/gems/1.8/gems/mongrel-1.1.5/lib/mongrel.rb:285:in `run'
    /usr/local/lib/ruby/gems/1.8/gems/mongrel-1.1.5/lib/mongrel.rb:285:in `initialize'
    /usr/local/lib/ruby/gems/1.8/gems/mongrel-1.1.5/lib/mongrel.rb:285:in `new'
    /usr/local/lib/ruby/gems/1.8/gems/mongrel-1.1.5/lib/mongrel.rb:285:in `run'
    /usr/local/lib/ruby/gems/1.8/gems/mongrel-1.1.5/lib/mongrel.rb:268:in `initialize'
    /usr/local/lib/ruby/gems/1.8/gems/mongrel-1.1.5/lib/mongrel.rb:268:in `new'
    /usr/local/lib/ruby/gems/1.8/gems/mongrel-1.1.5/lib/mongrel.rb:268:in `run'
    /usr/local/lib/ruby/gems/1.8/gems/mongrel-1.1.5/lib/mongrel/configurator.rb:282:in `run'
    /usr/local/lib/ruby/gems/1.8/gems/mongrel-1.1.5/lib/mongrel/configurator.rb:281:in `each'
    /usr/local/lib/ruby/gems/1.8/gems/mongrel-1.1.5/lib/mongrel/configurator.rb:281:in `run'
    /usr/local/lib/ruby/gems/1.8/gems/mongrel-1.1.5/bin/mongrel_rails:128:in `run'
    /usr/local/lib/ruby/gems/1.8/gems/mongrel-1.1.5/lib/mongrel/command.rb:212:in `run'
    /usr/local/lib/ruby/gems/1.8/gems/mongrel-1.1.5/bin/mongrel_rails:281
    /usr/local/lib/ruby/gems/1.8/gems/activesupport-2.1.1/lib/active_support/dependencies.rb:503:in `load'
    /usr/local/lib/ruby/gems/1.8/gems/activesupport-2.1.1/lib/active_support/dependencies.rb:503:in `load'
    /usr/local/lib/ruby/gems/1.8/gems/activesupport-2.1.1/lib/active_support/dependencies.rb:355:in `new_constants_in'
    /usr/local/lib/ruby/gems/1.8/gems/activesupport-2.1.1/lib/active_support/dependencies.rb:503:in `load'
    /usr/local/lib/ruby/gems/1.8/gems/rails-2.1.1/lib/commands/servers/mongrel.rb:64
    /usr/local/lib/ruby/site_ruby/1.8/rubygems/custom_require.rb:27:in `gem_original_require'
    /usr/local/lib/ruby/site_ruby/1.8/rubygems/custom_require.rb:27:in `require'
    /usr/local/lib/ruby/gems/1.8/gems/activesupport-2.1.1/lib/active_support/dependencies.rb:510:in `require'
    /usr/local/lib/ruby/gems/1.8/gems/activesupport-2.1.1/lib/active_support/dependencies.rb:355:in `new_constants_in'
    /usr/local/lib/ruby/gems/1.8/gems/activesupport-2.1.1/lib/active_support/dependencies.rb:510:in `require'
    /usr/local/lib/ruby/gems/1.8/gems/rails-2.1.1/lib/commands/server.rb:39
    /usr/local/lib/ruby/site_ruby/1.8/rubygems/custom_require.rb:27:in `gem_original_require'
    /usr/local/lib/ruby/site_ruby/1.8/rubygems/custom_require.rb:27:in `require'
    script/server:3

Rendering /usr/local/lib/ruby/gems/1.8/gems/actionpack-2.1.1/lib/action_controller/templates/rescues/layout.erb (internal_server_error)


Processing IndexController#index (for 127.0.0.1 at 2008-10-18 10:22:00) [GET]
  Session ID: BAh7BiIKZmxhc2hJQzonQWN0aW9uQ29udHJvbGxlcjo6Rmxhc2g6OkZsYXNo
SGFzaHsABjoKQHVzZWR7AA==--507e0d76d907f57dd997562d059b9aed9c53fc47
  Parameters: {"action"=>"index", "controller"=>"index"}
Rendering template within layouts/application
Rendering index/index
Completed in 0.00946 (105 reqs/sec) | Rendering: 0.00720 (76%) | DB: 0.00000 (0%) | 200 OK [http://localhost/]


Processing ApplicationController#index (for 127.0.0.1 at 2008-10-18 10:22:00) [GET]
  Session ID: BAh7BiIKZmxhc2hJQzonQWN0aW9uQ29udHJvbGxlcjo6Rmxhc2g6OkZsYXNo
SGFzaHsABjoKQHVzZWR7AA==--507e0d76d907f57dd997562d059b9aed9c53fc47
  Parameters: {}


ActionController::RoutingError (No route matches "/stylesheets/application.css" with {:method=>:get}):
    /usr/local/lib/ruby/gems/1.8/gems/actionpack-2.1.1/lib/action_controller/routing/recognition_optimisation.rb:67:in `recognize_path'
    /usr/local/lib/ruby/gems/1.8/gems/actionpack-2.1.1/lib/action_controller/routing/route_set.rb:384:in `recognize'
    /usr/local/lib/ruby/gems/1.8/gems/actionpack-2.1.1/lib/action_controller/dispatcher.rb:148:in `handle_request'
    /usr/local/lib/ruby/gems/1.8/gems/actionpack-2.1.1/lib/action_controller/dispatcher.rb:107:in `dispatch'
    /usr/local/lib/ruby/gems/1.8/gems/actionpack-2.1.1/lib/action_controller/dispatcher.rb:104:in `synchronize'
    /usr/local/lib/ruby/gems/1.8/gems/actionpack-2.1.1/lib/action_controller/dispatcher.rb:104:in `dispatch'
    /usr/local/lib/ruby/gems/1.8/gems/actionpack-2.1.1/lib/action_controller/dispatcher.rb:120:in `dispatch_cgi'
    /usr/local/lib/ruby/gems/1.8/gems/actionpack-2.1.1/lib/action_controller/dispatcher.rb:35:in `dispatch'
    /usr/local/lib/ruby/gems/1.8/gems/mongrel-1.1.5/bin/../lib/mongrel/rails.rb:76:in `process'
    /usr/local/lib/ruby/gems/1.8/gems/mongrel-1.1.5/bin/../lib/mongrel/rails.rb:74:in `synchronize'
    /usr/local/lib/ruby/gems/1.8/gems/mongrel-1.1.5/bin/../lib/mongrel/rails.rb:74:in `process'
    /usr/local/lib/ruby/gems/1.8/gems/mongrel-1.1.5/lib/mongrel.rb:159:in `process_client'
    /usr/local/lib/ruby/gems/1.8/gems/mongrel-1.1.5/lib/mongrel.rb:158:in `each'
    /usr/local/lib/ruby/gems/1.8/gems/mongrel-1.1.5/lib/mongrel.rb:158:in `process_client'
    /usr/local/lib/ruby/gems/1.8/gems/mongrel-1.1.5/lib/mongrel.rb:285:in `run'
    /usr/local/lib/ruby/gems/1.8/gems/mongrel-1.1.5/lib/mongrel.rb:285:in `initialize'
    /usr/local/lib/ruby/gems/1.8/gems/mongrel-1.1.5/lib/mongrel.rb:285:in `new'
    /usr/local/lib/ruby/gems/1.8/gems/mongrel-1.1.5/lib/mongrel.rb:285:in `run'
    /usr/local/lib/ruby/gems/1.8/gems/mongrel-1.1.5/lib/mongrel.rb:268:in `initialize'
    /usr/local/lib/ruby/gems/1.8/gems/mongrel-1.1.5/lib/mongrel.rb:268:in `new'
    /usr/local/lib/ruby/gems/1.8/gems/mongrel-1.1.5/lib/mongrel.rb:268:in `run'
    /usr/local/lib/ruby/gems/1.8/gems/mongrel-1.1.5/lib/mongrel/configurator.rb:282:in `run'
    /usr/local/lib/ruby/gems/1.8/gems/mongrel-1.1.5/lib/mongrel/configurator.rb:281:in `each'
    /usr/local/lib/ruby/gems/1.8/gems/mongrel-1.1.5/lib/mongrel/configurator.rb:281:in `run'
    /usr/local/lib/ruby/gems/1.8/gems/mongrel-1.1.5/bin/mongrel_rails:128:in `run'
    /usr/local/lib/ruby/gems/1.8/gems/mongrel-1.1.5/lib/mongrel/command.rb:212:in `run'
    /usr/local/lib/ruby/gems/1.8/gems/mongrel-1.1.5/bin/mongrel_rails:281
    /usr/local/lib/ruby/gems/1.8/gems/activesupport-2.1.1/lib/active_support/dependencies.rb:503:in `load'
    /usr/local/lib/ruby/gems/1.8/gems/activesupport-2.1.1/lib/active_support/dependencies.rb:503:in `load'
    /usr/local/lib/ruby/gems/1.8/gems/activesupport-2.1.1/lib/active_support/dependencies.rb:355:in `new_constants_in'
    /usr/local/lib/ruby/gems/1.8/gems/activesupport-2.1.1/lib/active_support/dependencies.rb:503:in `load'
    /usr/local/lib/ruby/gems/1.8/gems/rails-2.1.1/lib/commands/servers/mongrel.rb:64
    /usr/local/lib/ruby/site_ruby/1.8/rubygems/custom_require.rb:27:in `gem_original_require'
    /usr/local/lib/ruby/site_ruby/1.8/rubygems/custom_require.rb:27:in `require'
    /usr/local/lib/ruby/gems/1.8/gems/activesupport-2.1.1/lib/active_support/dependencies.rb:510:in `require'
    /usr/local/lib/ruby/gems/1.8/gems/activesupport-2.1.1/lib/active_support/dependencies.rb:355:in `new_constants_in'
    /usr/local/lib/ruby/gems/1.8/gems/activesupport-2.1.1/lib/active_support/dependencies.rb:510:in `require'
    /usr/local/lib/ruby/gems/1.8/gems/rails-2.1.1/lib/commands/server.rb:39
    /usr/local/lib/ruby/site_ruby/1.8/rubygems/custom_require.rb:27:in `gem_original_require'
    /usr/local/lib/ruby/site_ruby/1.8/rubygems/custom_require.rb:27:in `require'
    script/server:3

Rendering /usr/local/lib/ruby/gems/1.8/gems/actionpack-2.1.1/lib/action_controller/templates/rescues/layout.erb (not_found)


Processing SessionsController#new (for 127.0.0.1 at 2008-10-18 10:22:04) [GET]
  Session ID: BAh7BiIKZmxhc2hJQzonQWN0aW9uQ29udHJvbGxlcjo6Rmxhc2g6OkZsYXNo
SGFzaHsABjoKQHVzZWR7AA==--507e0d76d907f57dd997562d059b9aed9c53fc47
  Parameters: {"action"=>"new", "controller"=>"sessions"}
Rendering template within layouts/application
Rendering sessions/new
Completed in 0.00727 (137 reqs/sec) | Rendering: 0.00525 (72%) | DB: 0.00000 (0%) | 200 OK [http://localhost/session/new]


Processing ApplicationController#index (for 127.0.0.1 at 2008-10-18 10:22:04) [GET]
  Session ID: BAh7BiIKZmxhc2hJQzonQWN0aW9uQ29udHJvbGxlcjo6Rmxhc2g6OkZsYXNo
SGFzaHsABjoKQHVzZWR7AA==--507e0d76d907f57dd997562d059b9aed9c53fc47
  Parameters: {}


ActionController::RoutingError (No route matches "/stylesheets/application.css" with {:method=>:get}):
    /usr/local/lib/ruby/gems/1.8/gems/actionpack-2.1.1/lib/action_controller/routing/recognition_optimisation.rb:67:in `recognize_path'
    /usr/local/lib/ruby/gems/1.8/gems/actionpack-2.1.1/lib/action_controller/routing/route_set.rb:384:in `recognize'
    /usr/local/lib/ruby/gems/1.8/gems/actionpack-2.1.1/lib/action_controller/dispatcher.rb:148:in `handle_request'
    /usr/local/lib/ruby/gems/1.8/gems/actionpack-2.1.1/lib/action_controller/dispatcher.rb:107:in `dispatch'
    /usr/local/lib/ruby/gems/1.8/gems/actionpack-2.1.1/lib/action_controller/dispatcher.rb:104:in `synchronize'
    /usr/local/lib/ruby/gems/1.8/gems/actionpack-2.1.1/lib/action_controller/dispatcher.rb:104:in `dispatch'
    /usr/local/lib/ruby/gems/1.8/gems/actionpack-2.1.1/lib/action_controller/dispatcher.rb:120:in `dispatch_cgi'
    /usr/local/lib/ruby/gems/1.8/gems/actionpack-2.1.1/lib/action_controller/dispatcher.rb:35:in `dispatch'
    /usr/local/lib/ruby/gems/1.8/gems/mongrel-1.1.5/bin/../lib/mongrel/rails.rb:76:in `process'
    /usr/local/lib/ruby/gems/1.8/gems/mongrel-1.1.5/bin/../lib/mongrel/rails.rb:74:in `synchronize'
    /usr/local/lib/ruby/gems/1.8/gems/mongrel-1.1.5/bin/../lib/mongrel/rails.rb:74:in `process'
    /usr/local/lib/ruby/gems/1.8/gems/mongrel-1.1.5/lib/mongrel.rb:159:in `process_client'
    /usr/local/lib/ruby/gems/1.8/gems/mongrel-1.1.5/lib/mongrel.rb:158:in `each'
    /usr/local/lib/ruby/gems/1.8/gems/mongrel-1.1.5/lib/mongrel.rb:158:in `process_client'
    /usr/local/lib/ruby/gems/1.8/gems/mongrel-1.1.5/lib/mongrel.rb:285:in `run'
    /usr/local/lib/ruby/gems/1.8/gems/mongrel-1.1.5/lib/mongrel.rb:285:in `initialize'
    /usr/local/lib/ruby/gems/1.8/gems/mongrel-1.1.5/lib/mongrel.rb:285:in `new'
    /usr/local/lib/ruby/gems/1.8/gems/mongrel-1.1.5/lib/mongrel.rb:285:in `run'
    /usr/local/lib/ruby/gems/1.8/gems/mongrel-1.1.5/lib/mongrel.rb:268:in `initialize'
    /usr/local/lib/ruby/gems/1.8/gems/mongrel-1.1.5/lib/mongrel.rb:268:in `new'
    /usr/local/lib/ruby/gems/1.8/gems/mongrel-1.1.5/lib/mongrel.rb:268:in `run'
    /usr/local/lib/ruby/gems/1.8/gems/mongrel-1.1.5/lib/mongrel/configurator.rb:282:in `run'
    /usr/local/lib/ruby/gems/1.8/gems/mongrel-1.1.5/lib/mongrel/configurator.rb:281:in `each'
    /usr/local/lib/ruby/gems/1.8/gems/mongrel-1.1.5/lib/mongrel/configurator.rb:281:in `run'
    /usr/local/lib/ruby/gems/1.8/gems/mongrel-1.1.5/bin/mongrel_rails:128:in `run'
    /usr/local/lib/ruby/gems/1.8/gems/mongrel-1.1.5/lib/mongrel/command.rb:212:in `run'
    /usr/local/lib/ruby/gems/1.8/gems/mongrel-1.1.5/bin/mongrel_rails:281
    /usr/local/lib/ruby/gems/1.8/gems/activesupport-2.1.1/lib/active_support/dependencies.rb:503:in `load'
    /usr/local/lib/ruby/gems/1.8/gems/activesupport-2.1.1/lib/active_support/dependencies.rb:503:in `load'
    /usr/local/lib/ruby/gems/1.8/gems/activesupport-2.1.1/lib/active_support/dependencies.rb:355:in `new_constants_in'
    /usr/local/lib/ruby/gems/1.8/gems/activesupport-2.1.1/lib/active_support/dependencies.rb:503:in `load'
    /usr/local/lib/ruby/gems/1.8/gems/rails-2.1.1/lib/commands/servers/mongrel.rb:64
    /usr/local/lib/ruby/site_ruby/1.8/rubygems/custom_require.rb:27:in `gem_original_require'
    /usr/local/lib/ruby/site_ruby/1.8/rubygems/custom_require.rb:27:in `require'
    /usr/local/lib/ruby/gems/1.8/gems/activesupport-2.1.1/lib/active_support/dependencies.rb:510:in `require'
    /usr/local/lib/ruby/gems/1.8/gems/activesupport-2.1.1/lib/active_support/dependencies.rb:355:in `new_constants_in'
    /usr/local/lib/ruby/gems/1.8/gems/activesupport-2.1.1/lib/active_support/dependencies.rb:510:in `require'
    /usr/local/lib/ruby/gems/1.8/gems/rails-2.1.1/lib/commands/server.rb:39
    /usr/local/lib/ruby/site_ruby/1.8/rubygems/custom_require.rb:27:in `gem_original_require'
    /usr/local/lib/ruby/site_ruby/1.8/rubygems/custom_require.rb:27:in `require'
    script/server:3

Rendering /usr/local/lib/ruby/gems/1.8/gems/actionpack-2.1.1/lib/action_controller/templates/rescues/layout.erb (not_found)


Processing UsersController#new (for 127.0.0.1 at 2008-10-18 10:22:07) [GET]
  Session ID: BAh7BiIKZmxhc2hJQzonQWN0aW9uQ29udHJvbGxlcjo6Rmxhc2g6OkZsYXNo
SGFzaHsABjoKQHVzZWR7AA==--507e0d76d907f57dd997562d059b9aed9c53fc47
  Parameters: {"action"=>"new", "controller"=>"users"}
  [4;36;1mUser Columns (0.001551)[0m   [0;1mSHOW FIELDS FROM `users`[0m
Rendering template within layouts/application
Rendering users/new
Completed in 0.01333 (75 reqs/sec) | Rendering: 0.00891 (66%) | DB: 0.00155 (11%) | 200 OK [http://localhost/users/new]


Processing ApplicationController#index (for 127.0.0.1 at 2008-10-18 10:22:07) [GET]
  Session ID: BAh7BiIKZmxhc2hJQzonQWN0aW9uQ29udHJvbGxlcjo6Rmxhc2g6OkZsYXNo
SGFzaHsABjoKQHVzZWR7AA==--507e0d76d907f57dd997562d059b9aed9c53fc47
  Parameters: {}


ActionController::RoutingError (No route matches "/stylesheets/application.css" with {:method=>:get}):
    /usr/local/lib/ruby/gems/1.8/gems/actionpack-2.1.1/lib/action_controller/routing/recognition_optimisation.rb:67:in `recognize_path'
    /usr/local/lib/ruby/gems/1.8/gems/actionpack-2.1.1/lib/action_controller/routing/route_set.rb:384:in `recognize'
    /usr/local/lib/ruby/gems/1.8/gems/actionpack-2.1.1/lib/action_controller/dispatcher.rb:148:in `handle_request'
    /usr/local/lib/ruby/gems/1.8/gems/actionpack-2.1.1/lib/action_controller/dispatcher.rb:107:in `dispatch'
    /usr/local/lib/ruby/gems/1.8/gems/actionpack-2.1.1/lib/action_controller/dispatcher.rb:104:in `synchronize'
    /usr/local/lib/ruby/gems/1.8/gems/actionpack-2.1.1/lib/action_controller/dispatcher.rb:104:in `dispatch'
    /usr/local/lib/ruby/gems/1.8/gems/actionpack-2.1.1/lib/action_controller/dispatcher.rb:120:in `dispatch_cgi'
    /usr/local/lib/ruby/gems/1.8/gems/actionpack-2.1.1/lib/action_controller/dispatcher.rb:35:in `dispatch'
    /usr/local/lib/ruby/gems/1.8/gems/mongrel-1.1.5/bin/../lib/mongrel/rails.rb:76:in `process'
    /usr/local/lib/ruby/gems/1.8/gems/mongrel-1.1.5/bin/../lib/mongrel/rails.rb:74:in `synchronize'
    /usr/local/lib/ruby/gems/1.8/gems/mongrel-1.1.5/bin/../lib/mongrel/rails.rb:74:in `process'
    /usr/local/lib/ruby/gems/1.8/gems/mongrel-1.1.5/lib/mongrel.rb:159:in `process_client'
    /usr/local/lib/ruby/gems/1.8/gems/mongrel-1.1.5/lib/mongrel.rb:158:in `each'
    /usr/local/lib/ruby/gems/1.8/gems/mongrel-1.1.5/lib/mongrel.rb:158:in `process_client'
    /usr/local/lib/ruby/gems/1.8/gems/mongrel-1.1.5/lib/mongrel.rb:285:in `run'
    /usr/local/lib/ruby/gems/1.8/gems/mongrel-1.1.5/lib/mongrel.rb:285:in `initialize'
    /usr/local/lib/ruby/gems/1.8/gems/mongrel-1.1.5/lib/mongrel.rb:285:in `new'
    /usr/local/lib/ruby/gems/1.8/gems/mongrel-1.1.5/lib/mongrel.rb:285:in `run'
    /usr/local/lib/ruby/gems/1.8/gems/mongrel-1.1.5/lib/mongrel.rb:268:in `initialize'
    /usr/local/lib/ruby/gems/1.8/gems/mongrel-1.1.5/lib/mongrel.rb:268:in `new'
    /usr/local/lib/ruby/gems/1.8/gems/mongrel-1.1.5/lib/mongrel.rb:268:in `run'
    /usr/local/lib/ruby/gems/1.8/gems/mongrel-1.1.5/lib/mongrel/configurator.rb:282:in `run'
    /usr/local/lib/ruby/gems/1.8/gems/mongrel-1.1.5/lib/mongrel/configurator.rb:281:in `each'
    /usr/local/lib/ruby/gems/1.8/gems/mongrel-1.1.5/lib/mongrel/configurator.rb:281:in `run'
    /usr/local/lib/ruby/gems/1.8/gems/mongrel-1.1.5/bin/mongrel_rails:128:in `run'
    /usr/local/lib/ruby/gems/1.8/gems/mongrel-1.1.5/lib/mongrel/command.rb:212:in `run'
    /usr/local/lib/ruby/gems/1.8/gems/mongrel-1.1.5/bin/mongrel_rails:281
    /usr/local/lib/ruby/gems/1.8/gems/activesupport-2.1.1/lib/active_support/dependencies.rb:503:in `load'
    /usr/local/lib/ruby/gems/1.8/gems/activesupport-2.1.1/lib/active_support/dependencies.rb:503:in `load'
    /usr/local/lib/ruby/gems/1.8/gems/activesupport-2.1.1/lib/active_support/dependencies.rb:355:in `new_constants_in'
    /usr/local/lib/ruby/gems/1.8/gems/activesupport-2.1.1/lib/active_support/dependencies.rb:503:in `load'
    /usr/local/lib/ruby/gems/1.8/gems/rails-2.1.1/lib/commands/servers/mongrel.rb:64
    /usr/local/lib/ruby/site_ruby/1.8/rubygems/custom_require.rb:27:in `gem_original_require'
    /usr/local/lib/ruby/site_ruby/1.8/rubygems/custom_require.rb:27:in `require'
    /usr/local/lib/ruby/gems/1.8/gems/activesupport-2.1.1/lib/active_support/dependencies.rb:510:in `require'
    /usr/local/lib/ruby/gems/1.8/gems/activesupport-2.1.1/lib/active_support/dependencies.rb:355:in `new_constants_in'
    /usr/local/lib/ruby/gems/1.8/gems/activesupport-2.1.1/lib/active_support/dependencies.rb:510:in `require'
    /usr/local/lib/ruby/gems/1.8/gems/rails-2.1.1/lib/commands/server.rb:39
    /usr/local/lib/ruby/site_ruby/1.8/rubygems/custom_require.rb:27:in `gem_original_require'
    /usr/local/lib/ruby/site_ruby/1.8/rubygems/custom_require.rb:27:in `require'
    script/server:3

Rendering /usr/local/lib/ruby/gems/1.8/gems/actionpack-2.1.1/lib/action_controller/templates/rescues/layout.erb (not_found)


Processing UsersController#new (for 127.0.0.1 at 2008-10-18 10:33:11) [GET]
  Session ID: BAh7BiIKZmxhc2hJQzonQWN0aW9uQ29udHJvbGxlcjo6Rmxhc2g6OkZsYXNo
SGFzaHsABjoKQHVzZWR7AA==--507e0d76d907f57dd997562d059b9aed9c53fc47
  Parameters: {"action"=>"new", "controller"=>"users"}
  [4;36;1mSQL (0.000116)[0m   [0;1mSET NAMES 'utf8'[0m
  [4;35;1mSQL (0.000069)[0m   [0mSET SQL_AUTO_IS_NULL=0[0m
  [4;36;1mUser Columns (0.001788)[0m   [0;1mSHOW FIELDS FROM `users`[0m
Rendering template within layouts/application
Rendering users/new
Completed in 0.01731 (57 reqs/sec) | Rendering: 0.01246 (72%) | DB: 0.00197 (11%) | 200 OK [http://localhost/users/new]


Processing ApplicationController#index (for 127.0.0.1 at 2008-10-18 10:33:11) [GET]
  Session ID: BAh7BiIKZmxhc2hJQzonQWN0aW9uQ29udHJvbGxlcjo6Rmxhc2g6OkZsYXNo
SGFzaHsABjoKQHVzZWR7AA==--507e0d76d907f57dd997562d059b9aed9c53fc47
  Parameters: {}


ActionController::RoutingError (No route matches "/stylesheets/application.css" with {:method=>:get}):
    /usr/local/lib/ruby/gems/1.8/gems/actionpack-2.1.1/lib/action_controller/routing/recognition_optimisation.rb:67:in `recognize_path'
    /usr/local/lib/ruby/gems/1.8/gems/actionpack-2.1.1/lib/action_controller/routing/route_set.rb:384:in `recognize'
    /usr/local/lib/ruby/gems/1.8/gems/actionpack-2.1.1/lib/action_controller/dispatcher.rb:148:in `handle_request'
    /usr/local/lib/ruby/gems/1.8/gems/actionpack-2.1.1/lib/action_controller/dispatcher.rb:107:in `dispatch'
    /usr/local/lib/ruby/gems/1.8/gems/actionpack-2.1.1/lib/action_controller/dispatcher.rb:104:in `synchronize'
    /usr/local/lib/ruby/gems/1.8/gems/actionpack-2.1.1/lib/action_controller/dispatcher.rb:104:in `dispatch'
    /usr/local/lib/ruby/gems/1.8/gems/actionpack-2.1.1/lib/action_controller/dispatcher.rb:120:in `dispatch_cgi'
    /usr/local/lib/ruby/gems/1.8/gems/actionpack-2.1.1/lib/action_controller/dispatcher.rb:35:in `dispatch'
    /usr/local/lib/ruby/gems/1.8/gems/mongrel-1.1.5/bin/../lib/mongrel/rails.rb:76:in `process'
    /usr/local/lib/ruby/gems/1.8/gems/mongrel-1.1.5/bin/../lib/mongrel/rails.rb:74:in `synchronize'
    /usr/local/lib/ruby/gems/1.8/gems/mongrel-1.1.5/bin/../lib/mongrel/rails.rb:74:in `process'
    /usr/local/lib/ruby/gems/1.8/gems/mongrel-1.1.5/lib/mongrel.rb:159:in `process_client'
    /usr/local/lib/ruby/gems/1.8/gems/mongrel-1.1.5/lib/mongrel.rb:158:in `each'
    /usr/local/lib/ruby/gems/1.8/gems/mongrel-1.1.5/lib/mongrel.rb:158:in `process_client'
    /usr/local/lib/ruby/gems/1.8/gems/mongrel-1.1.5/lib/mongrel.rb:285:in `run'
    /usr/local/lib/ruby/gems/1.8/gems/mongrel-1.1.5/lib/mongrel.rb:285:in `initialize'
    /usr/local/lib/ruby/gems/1.8/gems/mongrel-1.1.5/lib/mongrel.rb:285:in `new'
    /usr/local/lib/ruby/gems/1.8/gems/mongrel-1.1.5/lib/mongrel.rb:285:in `run'
    /usr/local/lib/ruby/gems/1.8/gems/mongrel-1.1.5/lib/mongrel.rb:268:in `initialize'
    /usr/local/lib/ruby/gems/1.8/gems/mongrel-1.1.5/lib/mongrel.rb:268:in `new'
    /usr/local/lib/ruby/gems/1.8/gems/mongrel-1.1.5/lib/mongrel.rb:268:in `run'
    /usr/local/lib/ruby/gems/1.8/gems/mongrel-1.1.5/lib/mongrel/configurator.rb:282:in `run'
    /usr/local/lib/ruby/gems/1.8/gems/mongrel-1.1.5/lib/mongrel/configurator.rb:281:in `each'
    /usr/local/lib/ruby/gems/1.8/gems/mongrel-1.1.5/lib/mongrel/configurator.rb:281:in `run'
    /usr/local/lib/ruby/gems/1.8/gems/mongrel-1.1.5/bin/mongrel_rails:128:in `run'
    /usr/local/lib/ruby/gems/1.8/gems/mongrel-1.1.5/lib/mongrel/command.rb:212:in `run'
    /usr/local/lib/ruby/gems/1.8/gems/mongrel-1.1.5/bin/mongrel_rails:281
    /usr/local/lib/ruby/gems/1.8/gems/activesupport-2.1.1/lib/active_support/dependencies.rb:503:in `load'
    /usr/local/lib/ruby/gems/1.8/gems/activesupport-2.1.1/lib/active_support/dependencies.rb:503:in `load'
    /usr/local/lib/ruby/gems/1.8/gems/activesupport-2.1.1/lib/active_support/dependencies.rb:355:in `new_constants_in'
    /usr/local/lib/ruby/gems/1.8/gems/activesupport-2.1.1/lib/active_support/dependencies.rb:503:in `load'
    /usr/local/lib/ruby/gems/1.8/gems/rails-2.1.1/lib/commands/servers/mongrel.rb:64
    /usr/local/lib/ruby/site_ruby/1.8/rubygems/custom_require.rb:27:in `gem_original_require'
    /usr/local/lib/ruby/site_ruby/1.8/rubygems/custom_require.rb:27:in `require'
    /usr/local/lib/ruby/gems/1.8/gems/activesupport-2.1.1/lib/active_support/dependencies.rb:510:in `require'
    /usr/local/lib/ruby/gems/1.8/gems/activesupport-2.1.1/lib/active_support/dependencies.rb:355:in `new_constants_in'
    /usr/local/lib/ruby/gems/1.8/gems/activesupport-2.1.1/lib/active_support/dependencies.rb:510:in `require'
    /usr/local/lib/ruby/gems/1.8/gems/rails-2.1.1/lib/commands/server.rb:39
    /usr/local/lib/ruby/site_ruby/1.8/rubygems/custom_require.rb:27:in `gem_original_require'
    /usr/local/lib/ruby/site_ruby/1.8/rubygems/custom_require.rb:27:in `require'
    script/server:3

Rendering /usr/local/lib/ruby/gems/1.8/gems/actionpack-2.1.1/lib/action_controller/templates/rescues/layout.erb (not_found)


Processing UsersController#new (for 127.0.0.1 at 2008-10-18 10:33:33) [GET]
  Session ID: BAh7BiIKZmxhc2hJQzonQWN0aW9uQ29udHJvbGxlcjo6Rmxhc2g6OkZsYXNo
SGFzaHsABjoKQHVzZWR7AA==--507e0d76d907f57dd997562d059b9aed9c53fc47
  Parameters: {"action"=>"new", "controller"=>"users"}
  [4;35;1mUser Columns (0.259740)[0m   [0mSHOW FIELDS FROM `users`[0m
Rendering template within layouts/application
Rendering users/new
Completed in 0.26966 (3 reqs/sec) | Rendering: 0.00687 (2%) | DB: 0.25974 (96%) | 200 OK [http://localhost/users/new]


Processing UsersController#create (for 127.0.0.1 at 2008-10-18 10:33:59) [POST]
  Session ID: BAh7BiIKZmxhc2hJQzonQWN0aW9uQ29udHJvbGxlcjo6Rmxhc2g6OkZsYXNo
SGFzaHsABjoKQHVzZWR7AA==--507e0d76d907f57dd997562d059b9aed9c53fc47
  Parameters: {"user"=>{"password_confirmation"=>"drifting", "login"=>"derrick", "password"=>"drifting", "email"=>"slowblues@gmail.com"}, "commit"=>"Sign up", "action"=>"create", "controller"=>"users"}
Cookie set: auth_token=; path=/; expires=Thu, 01 Jan 1970 00:00:00 GMT
  [4;36;1mUser Columns (0.001891)[0m   [0;1mSHOW FIELDS FROM `users`[0m
  [4;35;1mSQL (0.015259)[0m   [0mBEGIN[0m
  [4;36;1mSQL (0.036549)[0m   [0;1mSELECT `login` FROM `users` WHERE (`users`.login = 'derrick') [0m
  [4;35;1mSQL (0.000142)[0m   [0mSELECT `email` FROM `users` WHERE (`users`.email = 'slowblues@gmail.com') [0m
  [4;36;1mUser Create (0.000200)[0m   [0;1mINSERT INTO `users` (`name`, `salt`, `updated_at`, `activated_at`, `crypted_password`, `remember_token_expires_at`, `activation_code`, `password_reset_code`, `enabled`, `remember_token`, `login`, `email`, `created_at`) VALUES('', '0662f1e13b65dbaa2ae5009f80989f07b79c9467', '2008-10-18 14:33:59', NULL, '480dc6022da04b5d8c4427bd537b0f7d0c83b1b4', NULL, '2576e4bc4ef82dff04c8295a8787abe49dd90beb', NULL, 1, NULL, 'derrick', 'slowblues@gmail.com', '2008-10-18 14:33:59')[0m
Sent mail to slowblues@gmail.com

Date: Sat, 18 Oct 2008 10:33:59 -0400
From: ADMINEMAIL
To: slowblues@gmail.com
Subject: [YOURSITE] Please activate your new account
Mime-Version: 1.0
Content-Type: text/plain; charset=utf-8

Your account has been created.

  Username: derrick
  Password: drifting

Visit this url to activate your account:

  http://YOURSITE/activate/2576e4bc4ef82dff04c8295a8787abe49dd90beb
  [4;35;1mSQL (0.015754)[0m   [0mROLLBACK[0m


Net::SMTPAuthenticationError (535-5.7.1 Username and Password not accepted. Learn more at         
535 5.7.1 http://mail.google.com/support/bin/answer.py?answer=14257 m55sm5955018rnd.19
):
    /usr/local/lib/ruby/1.8/net/smtp.rb:577:in `auth_plain'
    /usr/local/lib/ruby/1.8/net/smtp.rb:571:in `__send__'
    /usr/local/lib/ruby/1.8/net/smtp.rb:571:in `authenticate'
    /vendor/plugins/action_mailer_tls/lib/smtp_tls.rb:27:in `do_start'
    /usr/local/lib/ruby/1.8/net/smtp.rb:378:in `start'
    /usr/local/lib/ruby/1.8/net/smtp.rb:316:in `start'
    /usr/local/lib/ruby/gems/1.8/gems/actionmailer-2.1.1/lib/action_mailer/base.rb:628:in `perform_delivery_smtp'
    /usr/local/lib/ruby/gems/1.8/gems/actionmailer-2.1.1/lib/action_mailer/base.rb:508:in `__send__'
    /usr/local/lib/ruby/gems/1.8/gems/actionmailer-2.1.1/lib/action_mailer/base.rb:508:in `deliver!'
    /usr/local/lib/ruby/gems/1.8/gems/actionmailer-2.1.1/lib/action_mailer/base.rb:383:in `method_missing'
    /app/models/user_observer.rb:3:in `after_create'
    /usr/local/lib/ruby/gems/1.8/gems/activerecord-2.1.1/lib/active_record/observer.rb:171:in `send'
    /usr/local/lib/ruby/gems/1.8/gems/activerecord-2.1.1/lib/active_record/observer.rb:171:in `update'
    /usr/local/lib/ruby/1.8/observer.rb:185:in `notify_observers'
    /usr/local/lib/ruby/1.8/observer.rb:184:in `each'
    /usr/local/lib/ruby/1.8/observer.rb:184:in `notify_observers'
    /usr/local/lib/ruby/gems/1.8/gems/activerecord-2.1.1/lib/active_record/callbacks.rb:309:in `notify'
    /usr/local/lib/ruby/gems/1.8/gems/activerecord-2.1.1/lib/active_record/callbacks.rb:296:in `callback'
    /usr/local/lib/ruby/gems/1.8/gems/activerecord-2.1.1/lib/active_record/callbacks.rb:221:in `create_without_timestamps'
    /usr/local/lib/ruby/gems/1.8/gems/activerecord-2.1.1/lib/active_record/timestamp.rb:29:in `create'
    /usr/local/lib/ruby/gems/1.8/gems/activerecord-2.1.1/lib/active_record/base.rb:2483:in `create_or_update_without_callbacks'
    /usr/local/lib/ruby/gems/1.8/gems/activerecord-2.1.1/lib/active_record/callbacks.rb:207:in `create_or_update'
    /usr/local/lib/ruby/gems/1.8/gems/activerecord-2.1.1/lib/active_record/base.rb:2211:in `save_without_validation'
    /usr/local/lib/ruby/gems/1.8/gems/activerecord-2.1.1/lib/active_record/validations.rb:911:in `save_without_dirty'
    /usr/local/lib/ruby/gems/1.8/gems/activerecord-2.1.1/lib/active_record/dirty.rb:75:in `save_without_transactions'
    /usr/local/lib/ruby/gems/1.8/gems/activerecord-2.1.1/lib/active_record/transactions.rb:106:in `save'
    /usr/local/lib/ruby/gems/1.8/gems/activerecord-2.1.1/lib/active_record/connection_adapters/abstract/database_statements.rb:66:in `transaction'
    /usr/local/lib/ruby/gems/1.8/gems/activerecord-2.1.1/lib/active_record/transactions.rb:79:in `transaction'
    /usr/local/lib/ruby/gems/1.8/gems/activerecord-2.1.1/lib/active_record/transactions.rb:98:in `transaction'
    /usr/local/lib/ruby/gems/1.8/gems/activerecord-2.1.1/lib/active_record/transactions.rb:106:in `save'
    /usr/local/lib/ruby/gems/1.8/gems/activerecord-2.1.1/lib/active_record/transactions.rb:118:in `rollback_active_record_state!'
    /usr/local/lib/ruby/gems/1.8/gems/activerecord-2.1.1/lib/active_record/transactions.rb:106:in `save'
    /app/controllers/users_controller.rb:21:in `create'
    /usr/local/lib/ruby/gems/1.8/gems/actionpack-2.1.1/lib/action_controller/base.rb:1166:in `send'
    /usr/local/lib/ruby/gems/1.8/gems/actionpack-2.1.1/lib/action_controller/base.rb:1166:in `perform_action_without_filters'
    /usr/local/lib/ruby/gems/1.8/gems/actionpack-2.1.1/lib/action_controller/filters.rb:579:in `call_filters'
    /usr/local/lib/ruby/gems/1.8/gems/actionpack-2.1.1/lib/action_controller/filters.rb:572:in `perform_action_without_benchmark'
    /usr/local/lib/ruby/gems/1.8/gems/actionpack-2.1.1/lib/action_controller/benchmarking.rb:68:in `perform_action_without_rescue'
    /usr/local/lib/ruby/1.8/benchmark.rb:293:in `measure'
    /usr/local/lib/ruby/gems/1.8/gems/actionpack-2.1.1/lib/action_controller/benchmarking.rb:68:in `perform_action_without_rescue'
    /usr/local/lib/ruby/gems/1.8/gems/actionpack-2.1.1/lib/action_controller/rescue.rb:201:in `perform_action_without_caching'
    /usr/local/lib/ruby/gems/1.8/gems/actionpack-2.1.1/lib/action_controller/caching/sql_cache.rb:13:in `perform_action'
    /usr/local/lib/ruby/gems/1.8/gems/activerecord-2.1.1/lib/active_record/connection_adapters/abstract/query_cache.rb:33:in `cache'
    /usr/local/lib/ruby/gems/1.8/gems/activerecord-2.1.1/lib/active_record/query_cache.rb:8:in `cache'
    /usr/local/lib/ruby/gems/1.8/gems/actionpack-2.1.1/lib/action_controller/caching/sql_cache.rb:12:in `perform_action'
    /usr/local/lib/ruby/gems/1.8/gems/actionpack-2.1.1/lib/action_controller/base.rb:529:in `send'
    /usr/local/lib/ruby/gems/1.8/gems/actionpack-2.1.1/lib/action_controller/base.rb:529:in `process_without_filters'
    /usr/local/lib/ruby/gems/1.8/gems/actionpack-2.1.1/lib/action_controller/filters.rb:568:in `process_without_session_management_support'
    /usr/local/lib/ruby/gems/1.8/gems/actionpack-2.1.1/lib/action_controller/session_management.rb:130:in `process'
    /usr/local/lib/ruby/gems/1.8/gems/actionpack-2.1.1/lib/action_controller/base.rb:389:in `process'
    /usr/local/lib/ruby/gems/1.8/gems/actionpack-2.1.1/lib/action_controller/dispatcher.rb:149:in `handle_request'
    /usr/local/lib/ruby/gems/1.8/gems/actionpack-2.1.1/lib/action_controller/dispatcher.rb:107:in `dispatch'
    /usr/local/lib/ruby/gems/1.8/gems/actionpack-2.1.1/lib/action_controller/dispatcher.rb:104:in `synchronize'
    /usr/local/lib/ruby/gems/1.8/gems/actionpack-2.1.1/lib/action_controller/dispatcher.rb:104:in `dispatch'
    /usr/local/lib/ruby/gems/1.8/gems/actionpack-2.1.1/lib/action_controller/dispatcher.rb:120:in `dispatch_cgi'
    /usr/local/lib/ruby/gems/1.8/gems/actionpack-2.1.1/lib/action_controller/dispatcher.rb:35:in `dispatch'
    /usr/local/lib/ruby/gems/1.8/gems/mongrel-1.1.5/bin/../lib/mongrel/rails.rb:76:in `process'
    /usr/local/lib/ruby/gems/1.8/gems/mongrel-1.1.5/bin/../lib/mongrel/rails.rb:74:in `synchronize'
    /usr/local/lib/ruby/gems/1.8/gems/mongrel-1.1.5/bin/../lib/mongrel/rails.rb:74:in `process'
    /usr/local/lib/ruby/gems/1.8/gems/mongrel-1.1.5/lib/mongrel.rb:159:in `process_client'
    /usr/local/lib/ruby/gems/1.8/gems/mongrel-1.1.5/lib/mongrel.rb:158:in `each'
    /usr/local/lib/ruby/gems/1.8/gems/mongrel-1.1.5/lib/mongrel.rb:158:in `process_client'
    /usr/local/lib/ruby/gems/1.8/gems/mongrel-1.1.5/lib/mongrel.rb:285:in `run'
    /usr/local/lib/ruby/gems/1.8/gems/mongrel-1.1.5/lib/mongrel.rb:285:in `initialize'
    /usr/local/lib/ruby/gems/1.8/gems/mongrel-1.1.5/lib/mongrel.rb:285:in `new'
    /usr/local/lib/ruby/gems/1.8/gems/mongrel-1.1.5/lib/mongrel.rb:285:in `run'
    /usr/local/lib/ruby/gems/1.8/gems/mongrel-1.1.5/lib/mongrel.rb:268:in `initialize'
    /usr/local/lib/ruby/gems/1.8/gems/mongrel-1.1.5/lib/mongrel.rb:268:in `new'
    /usr/local/lib/ruby/gems/1.8/gems/mongrel-1.1.5/lib/mongrel.rb:268:in `run'
    /usr/local/lib/ruby/gems/1.8/gems/mongrel-1.1.5/lib/mongrel/configurator.rb:282:in `run'
    /usr/local/lib/ruby/gems/1.8/gems/mongrel-1.1.5/lib/mongrel/configurator.rb:281:in `each'
    /usr/local/lib/ruby/gems/1.8/gems/mongrel-1.1.5/lib/mongrel/configurator.rb:281:in `run'
    /usr/local/lib/ruby/gems/1.8/gems/mongrel-1.1.5/bin/mongrel_rails:128:in `run'
    /usr/local/lib/ruby/gems/1.8/gems/mongrel-1.1.5/lib/mongrel/command.rb:212:in `run'
    /usr/local/lib/ruby/gems/1.8/gems/mongrel-1.1.5/bin/mongrel_rails:281
    /usr/local/lib/ruby/gems/1.8/gems/activesupport-2.1.1/lib/active_support/dependencies.rb:503:in `load'
    /usr/local/lib/ruby/gems/1.8/gems/activesupport-2.1.1/lib/active_support/dependencies.rb:503:in `load'
    /usr/local/lib/ruby/gems/1.8/gems/activesupport-2.1.1/lib/active_support/dependencies.rb:355:in `new_constants_in'
    /usr/local/lib/ruby/gems/1.8/gems/activesupport-2.1.1/lib/active_support/dependencies.rb:503:in `load'
    /usr/local/lib/ruby/gems/1.8/gems/rails-2.1.1/lib/commands/servers/mongrel.rb:64
    /usr/local/lib/ruby/site_ruby/1.8/rubygems/custom_require.rb:27:in `gem_original_require'
    /usr/local/lib/ruby/site_ruby/1.8/rubygems/custom_require.rb:27:in `require'
    /usr/local/lib/ruby/gems/1.8/gems/activesupport-2.1.1/lib/active_support/dependencies.rb:510:in `require'
    /usr/local/lib/ruby/gems/1.8/gems/activesupport-2.1.1/lib/active_support/dependencies.rb:355:in `new_constants_in'
    /usr/local/lib/ruby/gems/1.8/gems/activesupport-2.1.1/lib/active_support/dependencies.rb:510:in `require'
    /usr/local/lib/ruby/gems/1.8/gems/rails-2.1.1/lib/commands/server.rb:39
    /usr/local/lib/ruby/site_ruby/1.8/rubygems/custom_require.rb:27:in `gem_original_require'
    /usr/local/lib/ruby/site_ruby/1.8/rubygems/custom_require.rb:27:in `require'
    script/server:3

Rendering /usr/local/lib/ruby/gems/1.8/gems/actionpack-2.1.1/lib/action_controller/templates/rescues/layout.erb (internal_server_error)
  [4;36;1mSQL (0.000114)[0m   [0;1mSET NAMES 'utf8'[0m
  [4;35;1mSQL (0.000070)[0m   [0mSET SQL_AUTO_IS_NULL=0[0m
  [4;36;1mSQL (0.015481)[0m   [0;1mDROP DATABASE IF EXISTS `singles_development`[0m
  [4;36;1mSQL (0.000115)[0m   [0;1mSET NAMES 'utf8'[0m
  [4;35;1mSQL (0.000078)[0m   [0mSET SQL_AUTO_IS_NULL=0[0m
  [4;36;1mSQL (0.000275)[0m   [0;1mSHOW TABLES[0m
  [4;35;1mSQL (0.001482)[0m   [0mCREATE TABLE `schema_migrations` (`version` varchar(255) NOT NULL) ENGINE=InnoDB[0m
  [4;36;1mSQL (0.017065)[0m   [0;1mCREATE UNIQUE INDEX `unique_schema_migrations` ON `schema_migrations` (`version`)[0m
  [4;35;1mSQL (0.000304)[0m   [0mSHOW TABLES[0m
  [4;36;1mSQL (0.000289)[0m   [0;1mSELECT version FROM schema_migrations[0m
Migrating to CreateUsers (20081018134133)
  [4;35;1mSQL (0.000253)[0m   [0mSHOW TABLES[0m
  [4;36;1mSQL (0.001975)[0m   [0;1mCREATE TABLE `users` (`id` int(11) DEFAULT NULL auto_increment PRIMARY KEY, `login` varchar(40), `name` varchar(100) DEFAULT '', `email` varchar(100), `crypted_password` varchar(40), `salt` varchar(40), `created_at` datetime, `updated_at` datetime, `remember_token` varchar(40), `remember_token_expires_at` datetime, `activation_code` varchar(40), `activated_at` datetime, `password_reset_code` varchar(40), `enabled` tinyint(1) DEFAULT 1) ENGINE=InnoDB[0m
  [4;35;1mSQL (0.017195)[0m   [0mCREATE UNIQUE INDEX `index_users_on_login` ON `users` (`login`)[0m
  [4;36;1mSQL (0.000373)[0m   [0;1mINSERT INTO schema_migrations (version) VALUES ('20081018134133')[0m
  [4;35;1mSQL (0.000307)[0m   [0mSHOW TABLES[0m
  [4;36;1mSQL (0.000139)[0m   [0;1mSELECT version FROM schema_migrations[0m
  [4;35;1mSQL (0.000203)[0m   [0mSHOW TABLES[0m
  [4;36;1mSQL (0.001812)[0m   [0;1mSHOW FIELDS FROM `users`[0m
  [4;35;1mSQL (0.002182)[0m   [0mdescribe `users`[0m
  [4;36;1mSQL (0.000861)[0m   [0;1mSHOW KEYS FROM `users`[0m


Processing IndexController#index (for 127.0.0.1 at 2008-10-18 10:38:26) [GET]
  Session ID: BAh7BzoMdXNlcl9pZDAiCmZsYXNoSUM6J0FjdGlvbkNvbnRyb2xsZXI6OkZs
YXNoOjpGbGFzaEhhc2h7AAY6CkB1c2VkewA=--1054064e6a983598a81367e824aef865f93ea680
  Parameters: {"action"=>"index", "controller"=>"index"}
  [4;36;1mSQL (0.000114)[0m   [0;1mSET NAMES 'utf8'[0m
  [4;35;1mSQL (0.000070)[0m   [0mSET SQL_AUTO_IS_NULL=0[0m
Rendering template within layouts/application
Rendering index/index
Completed in 0.01037 (96 reqs/sec) | Rendering: 0.00791 (76%) | DB: 0.00018 (1%) | 200 OK [http://localhost/]


Processing SessionsController#new (for 127.0.0.1 at 2008-10-18 10:38:28) [GET]
  Session ID: BAh7BzoMdXNlcl9pZDAiCmZsYXNoSUM6J0FjdGlvbkNvbnRyb2xsZXI6OkZs
YXNoOjpGbGFzaEhhc2h7AAY6CkB1c2VkewA=--1054064e6a983598a81367e824aef865f93ea680
  Parameters: {"action"=>"new", "controller"=>"sessions"}
Rendering template within layouts/application
Rendering sessions/new
Completed in 0.00747 (133 reqs/sec) | Rendering: 0.00545 (72%) | DB: 0.00000 (0%) | 200 OK [http://localhost/session/new]


Processing UsersController#new (for 127.0.0.1 at 2008-10-18 10:38:30) [GET]
  Session ID: BAh7BzoMdXNlcl9pZDAiCmZsYXNoSUM6J0FjdGlvbkNvbnRyb2xsZXI6OkZs
YXNoOjpGbGFzaEhhc2h7AAY6CkB1c2VkewA=--1054064e6a983598a81367e824aef865f93ea680
  Parameters: {"action"=>"new", "controller"=>"users"}
  [4;36;1mUser Columns (0.001548)[0m   [0;1mSHOW FIELDS FROM `users`[0m
Rendering template within layouts/application
Rendering users/new
Completed in 0.01389 (71 reqs/sec) | Rendering: 0.00885 (63%) | DB: 0.00155 (11%) | 200 OK [http://localhost/users/new]


Processing UsersController#create (for 127.0.0.1 at 2008-10-18 10:38:43) [POST]
  Session ID: BAh7BzoMdXNlcl9pZDAiCmZsYXNoSUM6J0FjdGlvbkNvbnRyb2xsZXI6OkZs
YXNoOjpGbGFzaEhhc2h7AAY6CkB1c2VkewA=--1054064e6a983598a81367e824aef865f93ea680
  Parameters: {"user"=>{"password_confirmation"=>"111111", "login"=>"derrick", "password"=>"111111", "email"=>"slowblues@gmail.com"}, "commit"=>"Sign up", "action"=>"create", "controller"=>"users"}
Cookie set: auth_token=; path=/; expires=Thu, 01 Jan 1970 00:00:00 GMT
  [4;35;1mUser Columns (0.001860)[0m   [0mSHOW FIELDS FROM `users`[0m
  [4;36;1mSQL (0.000086)[0m   [0;1mBEGIN[0m
  [4;35;1mSQL (0.000188)[0m   [0mSELECT `login` FROM `users` WHERE (`users`.login = 'derrick') [0m
  [4;36;1mSQL (0.000108)[0m   [0;1mSELECT `email` FROM `users` WHERE (`users`.email = 'slowblues@gmail.com') [0m
  [4;35;1mUser Create (0.000204)[0m   [0mINSERT INTO `users` (`name`, `salt`, `updated_at`, `activated_at`, `crypted_password`, `remember_token_expires_at`, `activation_code`, `password_reset_code`, `enabled`, `remember_token`, `login`, `email`, `created_at`) VALUES('', 'ba35d1b70e9b9f4f2e75a4f811dca3289c41f782', '2008-10-18 14:38:43', NULL, '0c196ea38c51c6c1d7a273ce7bc2132ee65e8787', NULL, '6eb6aee1b639a924925c85669545e665f328c69e', NULL, 1, NULL, 'derrick', 'slowblues@gmail.com', '2008-10-18 14:38:43')[0m
Sent mail to slowblues@gmail.com

Date: Sat, 18 Oct 2008 10:38:43 -0400
From: ADMINEMAIL
To: slowblues@gmail.com
Subject: [YOURSITE] Please activate your new account
Mime-Version: 1.0
Content-Type: text/plain; charset=utf-8

Your account has been created.

  Username: derrick
  Password: 111111

Visit this url to activate your account:

  http://YOURSITE/activate/6eb6aee1b639a924925c85669545e665f328c69e
  [4;36;1mSQL (0.000451)[0m   [0;1mCOMMIT[0m
Redirected to http://localhost:3000/
Completed in 3.58453 (0 reqs/sec) | DB: 0.00290 (0%) | 302 Found [http://localhost/users]


Processing IndexController#index (for 127.0.0.1 at 2008-10-18 10:38:47) [GET]
  Session ID: BAh7CDoOcmV0dXJuX3RvMDoMdXNlcl9pZDAiCmZsYXNoSUM6J0FjdGlvbkNv
bnRyb2xsZXI6OkZsYXNoOjpGbGFzaEhhc2h7BjoLbm90aWNlIlJUaGFua3Mg
Zm9yIHNpZ25pbmcgdXAhICBXZSdyZSBzZW5kaW5nIHlvdSBhbiBlbWFpbCB3
aXRoIHlvdXIgYWN0aXZhdGlvbiBjb2RlLgY6CkB1c2VkewY7CEY=--9941d26baca4b73f082cef1bba2d429690623f35
  Parameters: {"action"=>"index", "controller"=>"index"}
Rendering template within layouts/application
Rendering index/index
Completed in 0.00641 (155 reqs/sec) | Rendering: 0.00411 (64%) | DB: 0.00000 (0%) | 200 OK [http://localhost/]


Processing ApplicationController#show (for 127.0.0.1 at 2008-10-18 10:40:41) [GET]
  Session ID: BAh7CDoOcmV0dXJuX3RvMDoMdXNlcl9pZDAiCmZsYXNoSUM6J0FjdGlvbkNv
bnRyb2xsZXI6OkZsYXNoOjpGbGFzaEhhc2h7BjoLbm90aWNlIlJUaGFua3Mg
Zm9yIHNpZ25pbmcgdXAhICBXZSdyZSBzZW5kaW5nIHlvdSBhbiBlbWFpbCB3
aXRoIHlvdXIgYWN0aXZhdGlvbiBjb2RlLgY6CkB1c2VkewY7CFQ=--8a34aec2733d9ce8d5fcc2901329b4a51529ac85
  Parameters: {"action"=>"show", "id"=>"6eb6aee1b639a924925c85669545e665f328c69e", "controller"=>"accounts"}


NameError (uninitialized constant AccountsController):
    /usr/local/lib/ruby/gems/1.8/gems/activesupport-2.1.1/lib/active_support/dependencies.rb:279:in `load_missing_constant'
    /usr/local/lib/ruby/gems/1.8/gems/activesupport-2.1.1/lib/active_support/dependencies.rb:468:in `const_missing'
    /usr/local/lib/ruby/gems/1.8/gems/activesupport-2.1.1/lib/active_support/dependencies.rb:480:in `const_missing'
    /usr/local/lib/ruby/gems/1.8/gems/activesupport-2.1.1/lib/active_support/inflector.rb:285:in `constantize'
    /usr/local/lib/ruby/gems/1.8/gems/activesupport-2.1.1/lib/active_support/inflector.rb:284:in `each'
    /usr/local/lib/ruby/gems/1.8/gems/activesupport-2.1.1/lib/active_support/inflector.rb:284:in `constantize'
    /usr/local/lib/ruby/gems/1.8/gems/activesupport-2.1.1/lib/active_support/core_ext/string/inflections.rb:143:in `constantize'
    /usr/local/lib/ruby/gems/1.8/gems/actionpack-2.1.1/lib/action_controller/routing/route_set.rb:386:in `recognize'
    /usr/local/lib/ruby/gems/1.8/gems/actionpack-2.1.1/lib/action_controller/dispatcher.rb:148:in `handle_request'
    /usr/local/lib/ruby/gems/1.8/gems/actionpack-2.1.1/lib/action_controller/dispatcher.rb:107:in `dispatch'
    /usr/local/lib/ruby/gems/1.8/gems/actionpack-2.1.1/lib/action_controller/dispatcher.rb:104:in `synchronize'
    /usr/local/lib/ruby/gems/1.8/gems/actionpack-2.1.1/lib/action_controller/dispatcher.rb:104:in `dispatch'
    /usr/local/lib/ruby/gems/1.8/gems/actionpack-2.1.1/lib/action_controller/dispatcher.rb:120:in `dispatch_cgi'
    /usr/local/lib/ruby/gems/1.8/gems/actionpack-2.1.1/lib/action_controller/dispatcher.rb:35:in `dispatch'
    /usr/local/lib/ruby/gems/1.8/gems/mongrel-1.1.5/bin/../lib/mongrel/rails.rb:76:in `process'
    /usr/local/lib/ruby/gems/1.8/gems/mongrel-1.1.5/bin/../lib/mongrel/rails.rb:74:in `synchronize'
    /usr/local/lib/ruby/gems/1.8/gems/mongrel-1.1.5/bin/../lib/mongrel/rails.rb:74:in `process'
    /usr/local/lib/ruby/gems/1.8/gems/mongrel-1.1.5/lib/mongrel.rb:159:in `process_client'
    /usr/local/lib/ruby/gems/1.8/gems/mongrel-1.1.5/lib/mongrel.rb:158:in `each'
    /usr/local/lib/ruby/gems/1.8/gems/mongrel-1.1.5/lib/mongrel.rb:158:in `process_client'
    /usr/local/lib/ruby/gems/1.8/gems/mongrel-1.1.5/lib/mongrel.rb:285:in `run'
    /usr/local/lib/ruby/gems/1.8/gems/mongrel-1.1.5/lib/mongrel.rb:285:in `initialize'
    /usr/local/lib/ruby/gems/1.8/gems/mongrel-1.1.5/lib/mongrel.rb:285:in `new'
    /usr/local/lib/ruby/gems/1.8/gems/mongrel-1.1.5/lib/mongrel.rb:285:in `run'
    /usr/local/lib/ruby/gems/1.8/gems/mongrel-1.1.5/lib/mongrel.rb:268:in `initialize'
    /usr/local/lib/ruby/gems/1.8/gems/mongrel-1.1.5/lib/mongrel.rb:268:in `new'
    /usr/local/lib/ruby/gems/1.8/gems/mongrel-1.1.5/lib/mongrel.rb:268:in `run'
    /usr/local/lib/ruby/gems/1.8/gems/mongrel-1.1.5/lib/mongrel/configurator.rb:282:in `run'
    /usr/local/lib/ruby/gems/1.8/gems/mongrel-1.1.5/lib/mongrel/configurator.rb:281:in `each'
    /usr/local/lib/ruby/gems/1.8/gems/mongrel-1.1.5/lib/mongrel/configurator.rb:281:in `run'
    /usr/local/lib/ruby/gems/1.8/gems/mongrel-1.1.5/bin/mongrel_rails:128:in `run'
    /usr/local/lib/ruby/gems/1.8/gems/mongrel-1.1.5/lib/mongrel/command.rb:212:in `run'
    /usr/local/lib/ruby/gems/1.8/gems/mongrel-1.1.5/bin/mongrel_rails:281
    /usr/local/lib/ruby/gems/1.8/gems/activesupport-2.1.1/lib/active_support/dependencies.rb:503:in `load'
    /usr/local/lib/ruby/gems/1.8/gems/activesupport-2.1.1/lib/active_support/dependencies.rb:503:in `load'
    /usr/local/lib/ruby/gems/1.8/gems/activesupport-2.1.1/lib/active_support/dependencies.rb:355:in `new_constants_in'
    /usr/local/lib/ruby/gems/1.8/gems/activesupport-2.1.1/lib/active_support/dependencies.rb:503:in `load'
    /usr/local/lib/ruby/gems/1.8/gems/rails-2.1.1/lib/commands/servers/mongrel.rb:64
    /usr/local/lib/ruby/site_ruby/1.8/rubygems/custom_require.rb:27:in `gem_original_require'
    /usr/local/lib/ruby/site_ruby/1.8/rubygems/custom_require.rb:27:in `require'
    /usr/local/lib/ruby/gems/1.8/gems/activesupport-2.1.1/lib/active_support/dependencies.rb:510:in `require'
    /usr/local/lib/ruby/gems/1.8/gems/activesupport-2.1.1/lib/active_support/dependencies.rb:355:in `new_constants_in'
    /usr/local/lib/ruby/gems/1.8/gems/activesupport-2.1.1/lib/active_support/dependencies.rb:510:in `require'
    /usr/local/lib/ruby/gems/1.8/gems/rails-2.1.1/lib/commands/server.rb:39
    /usr/local/lib/ruby/site_ruby/1.8/rubygems/custom_require.rb:27:in `gem_original_require'
    /usr/local/lib/ruby/site_ruby/1.8/rubygems/custom_require.rb:27:in `require'
    script/server:3

Rendering /usr/local/lib/ruby/gems/1.8/gems/actionpack-2.1.1/lib/action_controller/templates/rescues/layout.erb (internal_server_error)


Processing UsersController#activate (for 127.0.0.1 at 2008-10-18 10:42:15) [GET]
  Session ID: BAh7CDoOcmV0dXJuX3RvMDoMdXNlcl9pZDAiCmZsYXNoSUM6J0FjdGlvbkNv
bnRyb2xsZXI6OkZsYXNoOjpGbGFzaEhhc2h7AAY6CkB1c2VkewA=--abee6a4053595ba3c51a22d39ad3047b8869c1f6
  Parameters: {"action"=>"activate", "activation_code"=>"6eb6aee1b639a924925c85669545e665f328c69e", "controller"=>"users"}
  [4;36;1mSQL (0.000113)[0m   [0;1mSET NAMES 'utf8'[0m
  [4;35;1mSQL (0.000070)[0m   [0mSET SQL_AUTO_IS_NULL=0[0m
Cookie set: auth_token=; path=/; expires=Thu, 01 Jan 1970 00:00:00 GMT
  [4;36;1mUser Columns (0.002089)[0m   [0;1mSHOW FIELDS FROM `users`[0m
  [4;35;1mUser Load (0.000293)[0m   [0mSELECT * FROM `users` WHERE (`users`.`activation_code` = '6eb6aee1b639a924925c85669545e665f328c69e') LIMIT 1[0m
  [4;36;1mSQL (0.000077)[0m   [0;1mBEGIN[0m
  [4;35;1mUser Update (0.025493)[0m   [0mUPDATE `users` SET `activated_at` = '2008-10-18 14:42:15', `activation_code` = NULL, `updated_at` = '2008-10-18 14:42:15' WHERE `id` = 1[0m
Sent mail to slowblues@gmail.com

Date: Sat, 18 Oct 2008 10:42:15 -0400
From: ADMINEMAIL
To: slowblues@gmail.com
Subject: [YOURSITE] Your account has been activated!
Mime-Version: 1.0
Content-Type: text/plain; charset=utf-8

derrick, your account has been activated.  Welcome aboard!

  http://YOURSITE/
  [4;36;1mSQL (0.000428)[0m   [0;1mCOMMIT[0m
Redirected to http://localhost:3000/login
Completed in 2.05599 (0 reqs/sec) | DB: 0.02856 (1%) | 302 Found [http://localhost/activate/6eb6aee1b639a924925c85669545e665f328c69e]


Processing SessionsController#new (for 127.0.0.1 at 2008-10-18 10:42:17) [GET]
  Session ID: BAh7CDoOcmV0dXJuX3RvMDoMdXNlcl9pZDAiCmZsYXNoSUM6J0FjdGlvbkNv
bnRyb2xsZXI6OkZsYXNoOjpGbGFzaEhhc2h7BjoLbm90aWNlIjFTaWdudXAg
Y29tcGxldGUhIFBsZWFzZSBzaWduIGluIHRvIGNvbnRpbnVlLgY6CkB1c2Vk
ewY7CEY=--a77ab3eac0eb27c2564ccad20952a29f7112775a
  Parameters: {"action"=>"new", "controller"=>"sessions"}
Rendering template within layouts/application
Rendering sessions/new
Completed in 0.01142 (87 reqs/sec) | Rendering: 0.00938 (82%) | DB: 0.00000 (0%) | 200 OK [http://localhost/login]


Processing SessionsController#create (for 127.0.0.1 at 2008-10-18 10:42:26) [POST]
  Session ID: BAh7CDoOcmV0dXJuX3RvMDoMdXNlcl9pZDAiCmZsYXNoSUM6J0FjdGlvbkNv
bnRyb2xsZXI6OkZsYXNoOjpGbGFzaEhhc2h7BjoLbm90aWNlIjFTaWdudXAg
Y29tcGxldGUhIFBsZWFzZSBzaWduIGluIHRvIGNvbnRpbnVlLgY6CkB1c2Vk
ewY7CFQ=--4f704bf4c0cf32b09cf749b556eb7003180bdf13
  Parameters: {"commit"=>"Log in", "action"=>"create", "controller"=>"sessions", "password"=>"111111", "login"=>"derrick"}
Cookie set: auth_token=; path=/; expires=Thu, 01 Jan 1970 00:00:00 GMT
  [4;35;1mUser Load (0.000418)[0m   [0mSELECT * FROM `users` WHERE (login = 'derrick' and activated_at IS NOT NULL) LIMIT 1[0m
  [4;36;1mUser Columns (0.001761)[0m   [0;1mSHOW FIELDS FROM `users`[0m
  [4;35;1mSQL (0.000093)[0m   [0mBEGIN[0m
  [4;36;1mSQL (0.000063)[0m   [0;1mCOMMIT[0m
Cookie set: auth_token=; path=/
Redirected to http://localhost:3000/
Completed in 0.00891 (112 reqs/sec) | DB: 0.00233 (26%) | 302 Found [http://localhost/session]


Processing IndexController#index (for 127.0.0.1 at 2008-10-18 10:42:26) [GET]
  Session ID: BAh7CDoOcmV0dXJuX3RvMDoMdXNlcl9pZGkGIgpmbGFzaElDOidBY3Rpb25D
b250cm9sbGVyOjpGbGFzaDo6Rmxhc2hIYXNoewY6C25vdGljZSIbTG9nZ2Vk
IGluIHN1Y2Nlc3NmdWxseQY6CkB1c2VkewY7CEY=--084801d92d92904ced5e352d0328520bfafaf614
  Parameters: {"action"=>"index", "controller"=>"index"}
Rendering template within layouts/application
Rendering index/index
  [4;35;1mUser Columns (0.001830)[0m   [0mSHOW FIELDS FROM `users`[0m
  [4;36;1mUser Load (0.000252)[0m   [0;1mSELECT * FROM `users` WHERE (`users`.`id` = 1) LIMIT 1[0m


ActionView::TemplateError (undefined local variable or method `change_password_path' for #<ActionView::Base:0x24baf08>) on line #20 of layouts/application.html.erb:
17: 					    <li><%= link_to h(current_user.login.capitalize), user_path(current_user) %></li>
18: 					    <ul>
19: 					    <li><%= link_to 'Edit Profile', edit_user_path(current_user) %></li>
20: 					    <li><%= link_to 'Change Password', change_password_path %></li>
21: 					    <li><%= link_to 'Log Out', logout_url %></li>
22: 					    </ul>
23: 					    <% if current_user.has_role?('administrator') %>

    app/views/layouts/application.html.erb:20:in `_run_erb_47app47views47layouts47application46html46erb'
    /usr/local/lib/ruby/gems/1.8/gems/actionpack-2.1.1/lib/action_view/base.rb:342:in `send'
    /usr/local/lib/ruby/gems/1.8/gems/actionpack-2.1.1/lib/action_view/base.rb:342:in `execute'
    /usr/local/lib/ruby/gems/1.8/gems/actionpack-2.1.1/lib/action_view/template_handlers/compilable.rb:29:in `send'
    /usr/local/lib/ruby/gems/1.8/gems/actionpack-2.1.1/lib/action_view/template_handlers/compilable.rb:29:in `render'
    /usr/local/lib/ruby/gems/1.8/gems/actionpack-2.1.1/lib/action_view/template.rb:35:in `render'
    /usr/local/lib/ruby/gems/1.8/gems/actionpack-2.1.1/lib/action_view/template.rb:22:in `render_template'
    /usr/local/lib/ruby/gems/1.8/gems/actionpack-2.1.1/lib/action_view/base.rb:248:in `render_file'
    /usr/local/lib/ruby/gems/1.8/gems/actionpack-2.1.1/lib/action_controller/layout.rb:257:in `render_without_benchmark'
    /usr/local/lib/ruby/gems/1.8/gems/actionpack-2.1.1/lib/action_controller/benchmarking.rb:51:in `render'
    /usr/local/lib/ruby/gems/1.8/gems/activesupport-2.1.1/lib/active_support/core_ext/benchmark.rb:8:in `realtime'
    /usr/local/lib/ruby/gems/1.8/gems/actionpack-2.1.1/lib/action_controller/benchmarking.rb:51:in `render'
    /usr/local/lib/ruby/gems/1.8/gems/actionpack-2.1.1/lib/action_controller/base.rb:1161:in `default_render'
    /usr/local/lib/ruby/gems/1.8/gems/actionpack-2.1.1/lib/action_controller/base.rb:1172:in `perform_action_without_filters'
    /usr/local/lib/ruby/gems/1.8/gems/actionpack-2.1.1/lib/action_controller/filters.rb:579:in `call_filters'
    /usr/local/lib/ruby/gems/1.8/gems/actionpack-2.1.1/lib/action_controller/filters.rb:572:in `perform_action_without_benchmark'
    /usr/local/lib/ruby/gems/1.8/gems/actionpack-2.1.1/lib/action_controller/benchmarking.rb:68:in `perform_action_without_rescue'
    /usr/local/lib/ruby/1.8/benchmark.rb:293:in `measure'
    /usr/local/lib/ruby/gems/1.8/gems/actionpack-2.1.1/lib/action_controller/benchmarking.rb:68:in `perform_action_without_rescue'
    /usr/local/lib/ruby/gems/1.8/gems/actionpack-2.1.1/lib/action_controller/rescue.rb:201:in `perform_action_without_caching'
    /usr/local/lib/ruby/gems/1.8/gems/actionpack-2.1.1/lib/action_controller/caching/sql_cache.rb:13:in `perform_action'
    /usr/local/lib/ruby/gems/1.8/gems/activerecord-2.1.1/lib/active_record/connection_adapters/abstract/query_cache.rb:33:in `cache'
    /usr/local/lib/ruby/gems/1.8/gems/activerecord-2.1.1/lib/active_record/query_cache.rb:8:in `cache'
    /usr/local/lib/ruby/gems/1.8/gems/actionpack-2.1.1/lib/action_controller/caching/sql_cache.rb:12:in `perform_action'
    /usr/local/lib/ruby/gems/1.8/gems/actionpack-2.1.1/lib/action_controller/base.rb:529:in `send'
    /usr/local/lib/ruby/gems/1.8/gems/actionpack-2.1.1/lib/action_controller/base.rb:529:in `process_without_filters'
    /usr/local/lib/ruby/gems/1.8/gems/actionpack-2.1.1/lib/action_controller/filters.rb:568:in `process_without_session_management_support'
    /usr/local/lib/ruby/gems/1.8/gems/actionpack-2.1.1/lib/action_controller/session_management.rb:130:in `process'
    /usr/local/lib/ruby/gems/1.8/gems/actionpack-2.1.1/lib/action_controller/base.rb:389:in `process'
    /usr/local/lib/ruby/gems/1.8/gems/actionpack-2.1.1/lib/action_controller/dispatcher.rb:149:in `handle_request'
    /usr/local/lib/ruby/gems/1.8/gems/actionpack-2.1.1/lib/action_controller/dispatcher.rb:107:in `dispatch'
    /usr/local/lib/ruby/gems/1.8/gems/actionpack-2.1.1/lib/action_controller/dispatcher.rb:104:in `synchronize'
    /usr/local/lib/ruby/gems/1.8/gems/actionpack-2.1.1/lib/action_controller/dispatcher.rb:104:in `dispatch'
    /usr/local/lib/ruby/gems/1.8/gems/actionpack-2.1.1/lib/action_controller/dispatcher.rb:120:in `dispatch_cgi'
    /usr/local/lib/ruby/gems/1.8/gems/actionpack-2.1.1/lib/action_controller/dispatcher.rb:35:in `dispatch'
    /usr/local/lib/ruby/gems/1.8/gems/mongrel-1.1.5/lib/mongrel/rails.rb:76:in `process'
    /usr/local/lib/ruby/gems/1.8/gems/mongrel-1.1.5/lib/mongrel/rails.rb:74:in `synchronize'
    /usr/local/lib/ruby/gems/1.8/gems/mongrel-1.1.5/lib/mongrel/rails.rb:74:in `process'
    /usr/local/lib/ruby/gems/1.8/gems/mongrel-1.1.5/lib/mongrel.rb:159:in `process_client'
    /usr/local/lib/ruby/gems/1.8/gems/mongrel-1.1.5/lib/mongrel.rb:158:in `each'
    /usr/local/lib/ruby/gems/1.8/gems/mongrel-1.1.5/lib/mongrel.rb:158:in `process_client'
    /usr/local/lib/ruby/gems/1.8/gems/mongrel-1.1.5/lib/mongrel.rb:285:in `run'
    /usr/local/lib/ruby/gems/1.8/gems/mongrel-1.1.5/lib/mongrel.rb:285:in `initialize'
    /usr/local/lib/ruby/gems/1.8/gems/mongrel-1.1.5/lib/mongrel.rb:285:in `new'
    /usr/local/lib/ruby/gems/1.8/gems/mongrel-1.1.5/lib/mongrel.rb:285:in `run'
    /usr/local/lib/ruby/gems/1.8/gems/mongrel-1.1.5/lib/mongrel.rb:268:in `initialize'
    /usr/local/lib/ruby/gems/1.8/gems/mongrel-1.1.5/lib/mongrel.rb:268:in `new'
    /usr/local/lib/ruby/gems/1.8/gems/mongrel-1.1.5/lib/mongrel.rb:268:in `run'
    /usr/local/lib/ruby/gems/1.8/gems/mongrel-1.1.5/lib/mongrel/configurator.rb:282:in `run'
    /usr/local/lib/ruby/gems/1.8/gems/mongrel-1.1.5/lib/mongrel/configurator.rb:281:in `each'
    /usr/local/lib/ruby/gems/1.8/gems/mongrel-1.1.5/lib/mongrel/configurator.rb:281:in `run'
    /usr/local/lib/ruby/gems/1.8/gems/mongrel-1.1.5/bin/mongrel_rails:128:in `run'
    /usr/local/lib/ruby/gems/1.8/gems/mongrel-1.1.5/lib/mongrel/command.rb:212:in `run'
    /usr/local/lib/ruby/gems/1.8/gems/mongrel-1.1.5/bin/mongrel_rails:281
    /usr/local/lib/ruby/gems/1.8/gems/activesupport-2.1.1/lib/active_support/dependencies.rb:503:in `load'
    /usr/local/lib/ruby/gems/1.8/gems/activesupport-2.1.1/lib/active_support/dependencies.rb:503:in `load'
    /usr/local/lib/ruby/gems/1.8/gems/activesupport-2.1.1/lib/active_support/dependencies.rb:355:in `new_constants_in'
    /usr/local/lib/ruby/gems/1.8/gems/activesupport-2.1.1/lib/active_support/dependencies.rb:503:in `load'
    /usr/local/lib/ruby/gems/1.8/gems/rails-2.1.1/lib/commands/servers/mongrel.rb:64
    /usr/local/lib/ruby/site_ruby/1.8/rubygems/custom_require.rb:27:in `gem_original_require'
    /usr/local/lib/ruby/site_ruby/1.8/rubygems/custom_require.rb:27:in `require'
    /usr/local/lib/ruby/gems/1.8/gems/activesupport-2.1.1/lib/active_support/dependencies.rb:510:in `require'
    /usr/local/lib/ruby/gems/1.8/gems/activesupport-2.1.1/lib/active_support/dependencies.rb:355:in `new_constants_in'
    /usr/local/lib/ruby/gems/1.8/gems/activesupport-2.1.1/lib/active_support/dependencies.rb:510:in `require'
    /usr/local/lib/ruby/gems/1.8/gems/rails-2.1.1/lib/commands/server.rb:39
    /usr/local/lib/ruby/site_ruby/1.8/rubygems/custom_require.rb:27:in `gem_original_require'
    /usr/local/lib/ruby/site_ruby/1.8/rubygems/custom_require.rb:27:in `require'
    script/server:3

Rendering /usr/local/lib/ruby/gems/1.8/gems/actionpack-2.1.1/lib/action_controller/templates/rescues/layout.erb (internal_server_error)


Processing IndexController#index (for 127.0.0.1 at 2008-10-18 10:44:47) [GET]
  Session ID: BAh7CDoOcmV0dXJuX3RvMDoMdXNlcl9pZGkGIgpmbGFzaElDOidBY3Rpb25D
b250cm9sbGVyOjpGbGFzaDo6Rmxhc2hIYXNoewY6C25vdGljZSIbTG9nZ2Vk
IGluIHN1Y2Nlc3NmdWxseQY6CkB1c2VkewY7CFQ=--b6f462fa97d07d05c0684354e8deb5b476d1b258
  Parameters: {"action"=>"index", "controller"=>"index"}
Rendering template within layouts/application
Rendering index/index
  [4;35;1mUser Columns (0.001877)[0m   [0mSHOW FIELDS FROM `users`[0m
  [4;36;1mUser Load (0.000244)[0m   [0;1mSELECT * FROM `users` WHERE (`users`.`id` = 1) LIMIT 1[0m
Completed in 0.01412 (70 reqs/sec) | Rendering: 0.00978 (69%) | DB: 0.00420 (29%) | 200 OK [http://localhost/]


Processing IndexController#index (for 127.0.0.1 at 2008-10-18 10:45:04) [GET]
  Session ID: BAh7CDoOcmV0dXJuX3RvMDoMdXNlcl9pZGkGIgpmbGFzaElDOidBY3Rpb25D
b250cm9sbGVyOjpGbGFzaDo6Rmxhc2hIYXNoewAGOgpAdXNlZHsA--90a3c1fa2d2330a37a1467d446371fdf8110c337
  Parameters: {"action"=>"index", "controller"=>"index"}
Rendering template within layouts/application
Rendering index/index
  [4;35;1mUser Columns (0.001878)[0m   [0mSHOW FIELDS FROM `users`[0m
  [4;36;1mUser Load (0.000246)[0m   [0;1mSELECT * FROM `users` WHERE (`users`.`id` = 1) LIMIT 1[0m
Completed in 0.01469 (68 reqs/sec) | Rendering: 0.01013 (68%) | DB: 0.00212 (14%) | 200 OK [http://localhost/]


Processing UsersController#edit (for 127.0.0.1 at 2008-10-18 10:45:07) [GET]
  Session ID: BAh7CDoOcmV0dXJuX3RvMDoMdXNlcl9pZGkGIgpmbGFzaElDOidBY3Rpb25D
b250cm9sbGVyOjpGbGFzaDo6Rmxhc2hIYXNoewAGOgpAdXNlZHsA--90a3c1fa2d2330a37a1467d446371fdf8110c337
  Parameters: {"action"=>"edit", "id"=>"1", "controller"=>"users"}
  [4;35;1mUser Columns (0.001503)[0m   [0mSHOW FIELDS FROM `users`[0m
  [4;36;1mUser Load (0.000241)[0m   [0;1mSELECT * FROM `users` WHERE (`users`.`id` = 1) LIMIT 1[0m
Rendering template within layouts/application
Rendering users/edit


ActionView::TemplateError (undefined local variable or method `change_password_path' for #<ActionView::Base:0x2654814>) on line #2 of users/edit.html.erb:
1: <h2>Edit Your Account</h2>
2: <p><%= link_to 'Show Profile', user_path(@user) %> | <%= link_to 'Change Password', change_password_path %></p>
3: <%= error_messages_for :user %>
4:  
5: <% form_for :user, :url => user_url(@user), :html => { :method => :put } do |f| %>

    app/views/users/edit.html.erb:2:in `_run_erb_47app47views47users47edit46html46erb'
    /usr/local/lib/ruby/gems/1.8/gems/actionpack-2.1.1/lib/action_view/base.rb:342:in `send'
    /usr/local/lib/ruby/gems/1.8/gems/actionpack-2.1.1/lib/action_view/base.rb:342:in `execute'
    /usr/local/lib/ruby/gems/1.8/gems/actionpack-2.1.1/lib/action_view/template_handlers/compilable.rb:29:in `send'
    /usr/local/lib/ruby/gems/1.8/gems/actionpack-2.1.1/lib/action_view/template_handlers/compilable.rb:29:in `render'
    /usr/local/lib/ruby/gems/1.8/gems/actionpack-2.1.1/lib/action_view/template.rb:35:in `render'
    /usr/local/lib/ruby/gems/1.8/gems/actionpack-2.1.1/lib/action_view/template.rb:22:in `render_template'
    /usr/local/lib/ruby/gems/1.8/gems/actionpack-2.1.1/lib/action_view/base.rb:248:in `render_file'
    /usr/local/lib/ruby/gems/1.8/gems/actionpack-2.1.1/lib/action_controller/base.rb:1112:in `render_for_file'
    /usr/local/lib/ruby/gems/1.8/gems/actionpack-2.1.1/lib/action_controller/base.rb:845:in `render_with_no_layout'
    /usr/local/lib/ruby/gems/1.8/gems/actionpack-2.1.1/lib/action_controller/layout.rb:251:in `render_without_benchmark'
    /usr/local/lib/ruby/gems/1.8/gems/actionpack-2.1.1/lib/action_controller/benchmarking.rb:51:in `render'
    /usr/local/lib/ruby/gems/1.8/gems/activesupport-2.1.1/lib/active_support/core_ext/benchmark.rb:8:in `realtime'
    /usr/local/lib/ruby/gems/1.8/gems/actionpack-2.1.1/lib/action_controller/benchmarking.rb:51:in `render'
    /usr/local/lib/ruby/gems/1.8/gems/actionpack-2.1.1/lib/action_controller/base.rb:1161:in `default_render'
    /usr/local/lib/ruby/gems/1.8/gems/actionpack-2.1.1/lib/action_controller/base.rb:1167:in `perform_action_without_filters'
    /usr/local/lib/ruby/gems/1.8/gems/actionpack-2.1.1/lib/action_controller/filters.rb:579:in `call_filters'
    /usr/local/lib/ruby/gems/1.8/gems/actionpack-2.1.1/lib/action_controller/filters.rb:572:in `perform_action_without_benchmark'
    /usr/local/lib/ruby/gems/1.8/gems/actionpack-2.1.1/lib/action_controller/benchmarking.rb:68:in `perform_action_without_rescue'
    /usr/local/lib/ruby/1.8/benchmark.rb:293:in `measure'
    /usr/local/lib/ruby/gems/1.8/gems/actionpack-2.1.1/lib/action_controller/benchmarking.rb:68:in `perform_action_without_rescue'
    /usr/local/lib/ruby/gems/1.8/gems/actionpack-2.1.1/lib/action_controller/rescue.rb:201:in `perform_action_without_caching'
    /usr/local/lib/ruby/gems/1.8/gems/actionpack-2.1.1/lib/action_controller/caching/sql_cache.rb:13:in `perform_action'
    /usr/local/lib/ruby/gems/1.8/gems/activerecord-2.1.1/lib/active_record/connection_adapters/abstract/query_cache.rb:33:in `cache'
    /usr/local/lib/ruby/gems/1.8/gems/activerecord-2.1.1/lib/active_record/query_cache.rb:8:in `cache'
    /usr/local/lib/ruby/gems/1.8/gems/actionpack-2.1.1/lib/action_controller/caching/sql_cache.rb:12:in `perform_action'
    /usr/local/lib/ruby/gems/1.8/gems/actionpack-2.1.1/lib/action_controller/base.rb:529:in `send'
    /usr/local/lib/ruby/gems/1.8/gems/actionpack-2.1.1/lib/action_controller/base.rb:529:in `process_without_filters'
    /usr/local/lib/ruby/gems/1.8/gems/actionpack-2.1.1/lib/action_controller/filters.rb:568:in `process_without_session_management_support'
    /usr/local/lib/ruby/gems/1.8/gems/actionpack-2.1.1/lib/action_controller/session_management.rb:130:in `process'
    /usr/local/lib/ruby/gems/1.8/gems/actionpack-2.1.1/lib/action_controller/base.rb:389:in `process'
    /usr/local/lib/ruby/gems/1.8/gems/actionpack-2.1.1/lib/action_controller/dispatcher.rb:149:in `handle_request'
    /usr/local/lib/ruby/gems/1.8/gems/actionpack-2.1.1/lib/action_controller/dispatcher.rb:107:in `dispatch'
    /usr/local/lib/ruby/gems/1.8/gems/actionpack-2.1.1/lib/action_controller/dispatcher.rb:104:in `synchronize'
    /usr/local/lib/ruby/gems/1.8/gems/actionpack-2.1.1/lib/action_controller/dispatcher.rb:104:in `dispatch'
    /usr/local/lib/ruby/gems/1.8/gems/actionpack-2.1.1/lib/action_controller/dispatcher.rb:120:in `dispatch_cgi'
    /usr/local/lib/ruby/gems/1.8/gems/actionpack-2.1.1/lib/action_controller/dispatcher.rb:35:in `dispatch'
    /usr/local/lib/ruby/gems/1.8/gems/mongrel-1.1.5/lib/mongrel/rails.rb:76:in `process'
    /usr/local/lib/ruby/gems/1.8/gems/mongrel-1.1.5/lib/mongrel/rails.rb:74:in `synchronize'
    /usr/local/lib/ruby/gems/1.8/gems/mongrel-1.1.5/lib/mongrel/rails.rb:74:in `process'
    /usr/local/lib/ruby/gems/1.8/gems/mongrel-1.1.5/lib/mongrel.rb:159:in `process_client'
    /usr/local/lib/ruby/gems/1.8/gems/mongrel-1.1.5/lib/mongrel.rb:158:in `each'
    /usr/local/lib/ruby/gems/1.8/gems/mongrel-1.1.5/lib/mongrel.rb:158:in `process_client'
    /usr/local/lib/ruby/gems/1.8/gems/mongrel-1.1.5/lib/mongrel.rb:285:in `run'
    /usr/local/lib/ruby/gems/1.8/gems/mongrel-1.1.5/lib/mongrel.rb:285:in `initialize'
    /usr/local/lib/ruby/gems/1.8/gems/mongrel-1.1.5/lib/mongrel.rb:285:in `new'
    /usr/local/lib/ruby/gems/1.8/gems/mongrel-1.1.5/lib/mongrel.rb:285:in `run'
    /usr/local/lib/ruby/gems/1.8/gems/mongrel-1.1.5/lib/mongrel.rb:268:in `initialize'
    /usr/local/lib/ruby/gems/1.8/gems/mongrel-1.1.5/lib/mongrel.rb:268:in `new'
    /usr/local/lib/ruby/gems/1.8/gems/mongrel-1.1.5/lib/mongrel.rb:268:in `run'
    /usr/local/lib/ruby/gems/1.8/gems/mongrel-1.1.5/lib/mongrel/configurator.rb:282:in `run'
    /usr/local/lib/ruby/gems/1.8/gems/mongrel-1.1.5/lib/mongrel/configurator.rb:281:in `each'
    /usr/local/lib/ruby/gems/1.8/gems/mongrel-1.1.5/lib/mongrel/configurator.rb:281:in `run'
    /usr/local/lib/ruby/gems/1.8/gems/mongrel-1.1.5/bin/mongrel_rails:128:in `run'
    /usr/local/lib/ruby/gems/1.8/gems/mongrel-1.1.5/lib/mongrel/command.rb:212:in `run'
    /usr/local/lib/ruby/gems/1.8/gems/mongrel-1.1.5/bin/mongrel_rails:281
    /usr/local/lib/ruby/gems/1.8/gems/activesupport-2.1.1/lib/active_support/dependencies.rb:503:in `load'
    /usr/local/lib/ruby/gems/1.8/gems/activesupport-2.1.1/lib/active_support/dependencies.rb:503:in `load'
    /usr/local/lib/ruby/gems/1.8/gems/activesupport-2.1.1/lib/active_support/dependencies.rb:355:in `new_constants_in'
    /usr/local/lib/ruby/gems/1.8/gems/activesupport-2.1.1/lib/active_support/dependencies.rb:503:in `load'
    /usr/local/lib/ruby/gems/1.8/gems/rails-2.1.1/lib/commands/servers/mongrel.rb:64
    /usr/local/lib/ruby/site_ruby/1.8/rubygems/custom_require.rb:27:in `gem_original_require'
    /usr/local/lib/ruby/site_ruby/1.8/rubygems/custom_require.rb:27:in `require'
    /usr/local/lib/ruby/gems/1.8/gems/activesupport-2.1.1/lib/active_support/dependencies.rb:510:in `require'
    /usr/local/lib/ruby/gems/1.8/gems/activesupport-2.1.1/lib/active_support/dependencies.rb:355:in `new_constants_in'
    /usr/local/lib/ruby/gems/1.8/gems/activesupport-2.1.1/lib/active_support/dependencies.rb:510:in `require'
    /usr/local/lib/ruby/gems/1.8/gems/rails-2.1.1/lib/commands/server.rb:39
    /usr/local/lib/ruby/site_ruby/1.8/rubygems/custom_require.rb:27:in `gem_original_require'
    /usr/local/lib/ruby/site_ruby/1.8/rubygems/custom_require.rb:27:in `require'
    script/server:3

Rendering /usr/local/lib/ruby/gems/1.8/gems/actionpack-2.1.1/lib/action_controller/templates/rescues/layout.erb (internal_server_error)


Processing SessionsController#destroy (for 127.0.0.1 at 2008-10-18 10:45:24) [GET]
  Session ID: BAh7CDoOcmV0dXJuX3RvMDoMdXNlcl9pZGkGIgpmbGFzaElDOidBY3Rpb25D
b250cm9sbGVyOjpGbGFzaDo6Rmxhc2hIYXNoewAGOgpAdXNlZHsA--90a3c1fa2d2330a37a1467d446371fdf8110c337
  Parameters: {"action"=>"destroy", "controller"=>"sessions"}
  [4;35;1mUser Columns (0.001835)[0m   [0mSHOW FIELDS FROM `users`[0m
  [4;36;1mUser Load (0.000245)[0m   [0;1mSELECT * FROM `users` WHERE (`users`.`id` = 1) LIMIT 1[0m
  [4;35;1mSQL (0.000103)[0m   [0mBEGIN[0m
  [4;36;1mSQL (0.000071)[0m   [0;1mCOMMIT[0m
Cookie set: auth_token=; path=/; expires=Thu, 01 Jan 1970 00:00:00 GMT
Redirected to http://localhost:3000/
Completed in 0.00949 (105 reqs/sec) | DB: 0.00225 (23%) | 302 Found [http://localhost/logout]


Processing IndexController#index (for 127.0.0.1 at 2008-10-18 10:45:24) [GET]
  Session ID: BAh7BzoOcmV0dXJuX3RvMCIKZmxhc2hJQzonQWN0aW9uQ29udHJvbGxlcjo6
Rmxhc2g6OkZsYXNoSGFzaHsGOgtub3RpY2UiHllvdSBoYXZlIGJlZW4gbG9n
Z2VkIG91dC4GOgpAdXNlZHsGOwdG--0329c23335f525d166649be98f021839e2379859
  Parameters: {"action"=>"index", "controller"=>"index"}
Rendering template within layouts/application
Rendering index/index
Completed in 0.00622 (160 reqs/sec) | Rendering: 0.00394 (63%) | DB: 0.00000 (0%) | 200 OK [http://localhost/]


Processing ForgotController#new (for 127.0.0.1 at 2008-10-18 10:45:25) [GET]
  Session ID: BAh7BzoOcmV0dXJuX3RvMCIKZmxhc2hJQzonQWN0aW9uQ29udHJvbGxlcjo6
Rmxhc2g6OkZsYXNoSGFzaHsGOgtub3RpY2UiHllvdSBoYXZlIGJlZW4gbG9n
Z2VkIG91dC4GOgpAdXNlZHsGOwdU--45df4079ae7a38b494e4ade86606c549a1521224
  Parameters: {"action"=>"new", "controller"=>"forgot"}
Rendering template within layouts/application
Rendering forgot/new
Completed in 0.01913 (52 reqs/sec) | Rendering: 0.01718 (89%) | DB: 0.00000 (0%) | 200 OK [http://localhost/forgot_password]


Processing ForgotController#create (for 127.0.0.1 at 2008-10-18 10:45:31) [POST]
  Session ID: BAh7BzoOcmV0dXJuX3RvMCIKZmxhc2hJQzonQWN0aW9uQ29udHJvbGxlcjo6
Rmxhc2g6OkZsYXNoSGFzaHsABjoKQHVzZWR7AA==--f01aad960b9314a7acee88b8bdd9d81a7521b8b0
  Parameters: {"commit"=>"Reset Password", "action"=>"create", "controller"=>"forgot", "email"=>"slowblues@gmail.com"}
  [4;35;1mUser Load (0.000366)[0m   [0mSELECT * FROM `users` WHERE (email = 'slowblues@gmail.com' and activated_at IS NOT NULL) LIMIT 1[0m
  [4;36;1mUser Columns (0.001725)[0m   [0;1mSHOW FIELDS FROM `users`[0m
  [4;35;1mSQL (0.000149)[0m   [0mBEGIN[0m
  [4;36;1mSQL (0.000270)[0m   [0;1mSELECT `login` FROM `users` WHERE (`users`.login = 'derrick' AND `users`.id <> 1) [0m
  [4;35;1mSQL (0.008437)[0m   [0mSELECT `email` FROM `users` WHERE (`users`.email = 'slowblues@gmail.com' AND `users`.id <> 1) [0m
  [4;36;1mUser Update (0.000208)[0m   [0;1mUPDATE `users` SET `password_reset_code` = '289aee35d5668ead447be7633bae3fd29cc2d5a1', `updated_at` = '2008-10-18 14:45:31' WHERE `id` = 1[0m
  [4;35;1mSQL (0.000476)[0m   [0mROLLBACK[0m


ActionView::MissingTemplate (Missing template user_mailer/forgot_password.html.erb in view path /Users/derrick/Documents/Development/singles/app/views):
    /usr/local/lib/ruby/gems/1.8/gems/actionpack-2.1.1/lib/action_view/template.rb:85:in `raise_missing_template_exception'
    /usr/local/lib/ruby/gems/1.8/gems/actionpack-2.1.1/lib/action_view/template.rb:78:in `set_extension_and_file_name'
    /usr/local/lib/ruby/gems/1.8/gems/actionpack-2.1.1/lib/action_view/template.rb:15:in `initialize'
    /usr/local/lib/ruby/gems/1.8/gems/actionpack-2.1.1/lib/action_view/base.rb:248:in `new'
    /usr/local/lib/ruby/gems/1.8/gems/actionpack-2.1.1/lib/action_view/base.rb:248:in `render_file'
    /usr/local/lib/ruby/gems/1.8/gems/actionpack-2.1.1/lib/action_view/base.rb:273:in `render'
    /usr/local/lib/ruby/gems/1.8/gems/actionmailer-2.1.1/lib/action_mailer/base.rb:542:in `render'
    /usr/local/lib/ruby/gems/1.8/gems/actionmailer-2.1.1/lib/action_mailer/base.rb:533:in `render_message'
    /usr/local/lib/ruby/gems/1.8/gems/actionmailer-2.1.1/lib/action_mailer/base.rb:478:in `create!'
    /usr/local/lib/ruby/gems/1.8/gems/actionmailer-2.1.1/lib/action_mailer/base.rb:439:in `initialize'
    /usr/local/lib/ruby/gems/1.8/gems/actionmailer-2.1.1/lib/action_mailer/base.rb:383:in `new'
    /usr/local/lib/ruby/gems/1.8/gems/actionmailer-2.1.1/lib/action_mailer/base.rb:383:in `method_missing'
    /app/models/user_observer.rb:8:in `after_save'
    /usr/local/lib/ruby/gems/1.8/gems/activerecord-2.1.1/lib/active_record/observer.rb:171:in `send'
    /usr/local/lib/ruby/gems/1.8/gems/activerecord-2.1.1/lib/active_record/observer.rb:171:in `update'
    /usr/local/lib/ruby/1.8/observer.rb:185:in `notify_observers'
    /usr/local/lib/ruby/1.8/observer.rb:184:in `each'
    /usr/local/lib/ruby/1.8/observer.rb:184:in `notify_observers'
    /usr/local/lib/ruby/gems/1.8/gems/activerecord-2.1.1/lib/active_record/callbacks.rb:309:in `notify'
    /usr/local/lib/ruby/gems/1.8/gems/activerecord-2.1.1/lib/active_record/callbacks.rb:296:in `callback'
    /usr/local/lib/ruby/gems/1.8/gems/activerecord-2.1.1/lib/active_record/callbacks.rb:208:in `create_or_update'
    /usr/local/lib/ruby/gems/1.8/gems/activerecord-2.1.1/lib/active_record/base.rb:2211:in `save_without_validation'
    /usr/local/lib/ruby/gems/1.8/gems/activerecord-2.1.1/lib/active_record/validations.rb:911:in `save_without_dirty'
    /usr/local/lib/ruby/gems/1.8/gems/activerecord-2.1.1/lib/active_record/dirty.rb:75:in `save_without_transactions'
    /usr/local/lib/ruby/gems/1.8/gems/activerecord-2.1.1/lib/active_record/transactions.rb:106:in `save'
    /usr/local/lib/ruby/gems/1.8/gems/activerecord-2.1.1/lib/active_record/connection_adapters/abstract/database_statements.rb:66:in `transaction'
    /usr/local/lib/ruby/gems/1.8/gems/activerecord-2.1.1/lib/active_record/transactions.rb:79:in `transaction'
    /usr/local/lib/ruby/gems/1.8/gems/activerecord-2.1.1/lib/active_record/transactions.rb:98:in `transaction'
    /usr/local/lib/ruby/gems/1.8/gems/activerecord-2.1.1/lib/active_record/transactions.rb:106:in `save'
    /usr/local/lib/ruby/gems/1.8/gems/activerecord-2.1.1/lib/active_record/transactions.rb:118:in `rollback_active_record_state!'
    /usr/local/lib/ruby/gems/1.8/gems/activerecord-2.1.1/lib/active_record/transactions.rb:106:in `save'
    /app/controllers/forgot_controller.rb:11:in `create'
    /usr/local/lib/ruby/gems/1.8/gems/actionpack-2.1.1/lib/action_controller/base.rb:1166:in `send'
    /usr/local/lib/ruby/gems/1.8/gems/actionpack-2.1.1/lib/action_controller/base.rb:1166:in `perform_action_without_filters'
    /usr/local/lib/ruby/gems/1.8/gems/actionpack-2.1.1/lib/action_controller/filters.rb:579:in `call_filters'
    /usr/local/lib/ruby/gems/1.8/gems/actionpack-2.1.1/lib/action_controller/filters.rb:572:in `perform_action_without_benchmark'
    /usr/local/lib/ruby/gems/1.8/gems/actionpack-2.1.1/lib/action_controller/benchmarking.rb:68:in `perform_action_without_rescue'
    /usr/local/lib/ruby/1.8/benchmark.rb:293:in `measure'
    /usr/local/lib/ruby/gems/1.8/gems/actionpack-2.1.1/lib/action_controller/benchmarking.rb:68:in `perform_action_without_rescue'
    /usr/local/lib/ruby/gems/1.8/gems/actionpack-2.1.1/lib/action_controller/rescue.rb:201:in `perform_action_without_caching'
    /usr/local/lib/ruby/gems/1.8/gems/actionpack-2.1.1/lib/action_controller/caching/sql_cache.rb:13:in `perform_action'
    /usr/local/lib/ruby/gems/1.8/gems/activerecord-2.1.1/lib/active_record/connection_adapters/abstract/query_cache.rb:33:in `cache'
    /usr/local/lib/ruby/gems/1.8/gems/activerecord-2.1.1/lib/active_record/query_cache.rb:8:in `cache'
    /usr/local/lib/ruby/gems/1.8/gems/actionpack-2.1.1/lib/action_controller/caching/sql_cache.rb:12:in `perform_action'
    /usr/local/lib/ruby/gems/1.8/gems/actionpack-2.1.1/lib/action_controller/base.rb:529:in `send'
    /usr/local/lib/ruby/gems/1.8/gems/actionpack-2.1.1/lib/action_controller/base.rb:529:in `process_without_filters'
    /usr/local/lib/ruby/gems/1.8/gems/actionpack-2.1.1/lib/action_controller/filters.rb:568:in `process_without_session_management_support'
    /usr/local/lib/ruby/gems/1.8/gems/actionpack-2.1.1/lib/action_controller/session_management.rb:130:in `process'
    /usr/local/lib/ruby/gems/1.8/gems/actionpack-2.1.1/lib/action_controller/base.rb:389:in `process'
    /usr/local/lib/ruby/gems/1.8/gems/actionpack-2.1.1/lib/action_controller/dispatcher.rb:149:in `handle_request'
    /usr/local/lib/ruby/gems/1.8/gems/actionpack-2.1.1/lib/action_controller/dispatcher.rb:107:in `dispatch'
    /usr/local/lib/ruby/gems/1.8/gems/actionpack-2.1.1/lib/action_controller/dispatcher.rb:104:in `synchronize'
    /usr/local/lib/ruby/gems/1.8/gems/actionpack-2.1.1/lib/action_controller/dispatcher.rb:104:in `dispatch'
    /usr/local/lib/ruby/gems/1.8/gems/actionpack-2.1.1/lib/action_controller/dispatcher.rb:120:in `dispatch_cgi'
    /usr/local/lib/ruby/gems/1.8/gems/actionpack-2.1.1/lib/action_controller/dispatcher.rb:35:in `dispatch'
    /usr/local/lib/ruby/gems/1.8/gems/mongrel-1.1.5/bin/../lib/mongrel/rails.rb:76:in `process'
    /usr/local/lib/ruby/gems/1.8/gems/mongrel-1.1.5/bin/../lib/mongrel/rails.rb:74:in `synchronize'
    /usr/local/lib/ruby/gems/1.8/gems/mongrel-1.1.5/bin/../lib/mongrel/rails.rb:74:in `process'
    /usr/local/lib/ruby/gems/1.8/gems/mongrel-1.1.5/lib/mongrel.rb:159:in `process_client'
    /usr/local/lib/ruby/gems/1.8/gems/mongrel-1.1.5/lib/mongrel.rb:158:in `each'
    /usr/local/lib/ruby/gems/1.8/gems/mongrel-1.1.5/lib/mongrel.rb:158:in `process_client'
    /usr/local/lib/ruby/gems/1.8/gems/mongrel-1.1.5/lib/mongrel.rb:285:in `run'
    /usr/local/lib/ruby/gems/1.8/gems/mongrel-1.1.5/lib/mongrel.rb:285:in `initialize'
    /usr/local/lib/ruby/gems/1.8/gems/mongrel-1.1.5/lib/mongrel.rb:285:in `new'
    /usr/local/lib/ruby/gems/1.8/gems/mongrel-1.1.5/lib/mongrel.rb:285:in `run'
    /usr/local/lib/ruby/gems/1.8/gems/mongrel-1.1.5/lib/mongrel.rb:268:in `initialize'
    /usr/local/lib/ruby/gems/1.8/gems/mongrel-1.1.5/lib/mongrel.rb:268:in `new'
    /usr/local/lib/ruby/gems/1.8/gems/mongrel-1.1.5/lib/mongrel.rb:268:in `run'
    /usr/local/lib/ruby/gems/1.8/gems/mongrel-1.1.5/lib/mongrel/configurator.rb:282:in `run'
    /usr/local/lib/ruby/gems/1.8/gems/mongrel-1.1.5/lib/mongrel/configurator.rb:281:in `each'
    /usr/local/lib/ruby/gems/1.8/gems/mongrel-1.1.5/lib/mongrel/configurator.rb:281:in `run'
    /usr/local/lib/ruby/gems/1.8/gems/mongrel-1.1.5/bin/mongrel_rails:128:in `run'
    /usr/local/lib/ruby/gems/1.8/gems/mongrel-1.1.5/lib/mongrel/command.rb:212:in `run'
    /usr/local/lib/ruby/gems/1.8/gems/mongrel-1.1.5/bin/mongrel_rails:281
    /usr/local/lib/ruby/gems/1.8/gems/activesupport-2.1.1/lib/active_support/dependencies.rb:503:in `load'
    /usr/local/lib/ruby/gems/1.8/gems/activesupport-2.1.1/lib/active_support/dependencies.rb:503:in `load'
    /usr/local/lib/ruby/gems/1.8/gems/activesupport-2.1.1/lib/active_support/dependencies.rb:355:in `new_constants_in'
    /usr/local/lib/ruby/gems/1.8/gems/activesupport-2.1.1/lib/active_support/dependencies.rb:503:in `load'
    /usr/local/lib/ruby/gems/1.8/gems/rails-2.1.1/lib/commands/servers/mongrel.rb:64
    /usr/local/lib/ruby/site_ruby/1.8/rubygems/custom_require.rb:27:in `gem_original_require'
    /usr/local/lib/ruby/site_ruby/1.8/rubygems/custom_require.rb:27:in `require'
    /usr/local/lib/ruby/gems/1.8/gems/activesupport-2.1.1/lib/active_support/dependencies.rb:510:in `require'
    /usr/local/lib/ruby/gems/1.8/gems/activesupport-2.1.1/lib/active_support/dependencies.rb:355:in `new_constants_in'
    /usr/local/lib/ruby/gems/1.8/gems/activesupport-2.1.1/lib/active_support/dependencies.rb:510:in `require'
    /usr/local/lib/ruby/gems/1.8/gems/rails-2.1.1/lib/commands/server.rb:39
    /usr/local/lib/ruby/site_ruby/1.8/rubygems/custom_require.rb:27:in `gem_original_require'
    /usr/local/lib/ruby/site_ruby/1.8/rubygems/custom_require.rb:27:in `require'
    script/server:3

Rendering /usr/local/lib/ruby/gems/1.8/gems/actionpack-2.1.1/lib/action_controller/templates/rescues/layout.erb (internal_server_error)


Processing ForgotController#create (for 127.0.0.1 at 2008-10-18 10:46:08) [POST]
  Session ID: BAh7BzoOcmV0dXJuX3RvMCIKZmxhc2hJQzonQWN0aW9uQ29udHJvbGxlcjo6
Rmxhc2g6OkZsYXNoSGFzaHsABjoKQHVzZWR7AA==--f01aad960b9314a7acee88b8bdd9d81a7521b8b0
  Parameters: {"commit"=>"Reset Password", "action"=>"create", "controller"=>"forgot", "email"=>"slowblues@gmail.com"}
  [4;36;1mUser Load (0.000343)[0m   [0;1mSELECT * FROM `users` WHERE (email = 'slowblues@gmail.com' and activated_at IS NOT NULL) LIMIT 1[0m
  [4;35;1mUser Columns (0.001754)[0m   [0mSHOW FIELDS FROM `users`[0m
  [4;36;1mSQL (0.000068)[0m   [0;1mBEGIN[0m
  [4;35;1mSQL (0.000209)[0m   [0mSELECT `login` FROM `users` WHERE (`users`.login = 'derrick' AND `users`.id <> 1) [0m
  [4;36;1mSQL (0.000159)[0m   [0;1mSELECT `email` FROM `users` WHERE (`users`.email = 'slowblues@gmail.com' AND `users`.id <> 1) [0m
  [4;35;1mUser Update (0.000184)[0m   [0mUPDATE `users` SET `password_reset_code` = 'd08203ec48f364566523287288c5547590964e32', `updated_at` = '2008-10-18 14:46:08' WHERE `id` = 1[0m
Sent mail to slowblues@gmail.com

Date: Sat, 18 Oct 2008 10:46:08 -0400
From: ADMINEMAIL
To: slowblues@gmail.com
Subject: [YOURSITE] You have requested to change your password
Mime-Version: 1.0
Content-Type: text/plain; charset=utf-8

derrick, to reset your password, please visit http://localhost:3000/reset_password/d08203ec48f364566523287288c5547590964e32
  [4;36;1mSQL (0.000428)[0m   [0;1mCOMMIT[0m
Redirected to http://localhost:3000/login
Completed in 2.00779 (0 reqs/sec) | DB: 0.01478 (0%) | 302 Found [http://localhost/forgot/create]


Processing SessionsController#new (for 127.0.0.1 at 2008-10-18 10:46:11) [GET]
  Session ID: BAh7BzoOcmV0dXJuX3RvMCIKZmxhc2hJQzonQWN0aW9uQ29udHJvbGxlcjo6
Rmxhc2g6OkZsYXNoSGFzaHsGOgtub3RpY2UiP0EgcGFzc3dvcmQgcmVzZXQg
bGluayBoYXMgYmVlbiBzZW50IHRvIHlvdXIgZW1haWwgYWRkcmVzcy4GOgpA
dXNlZHsGOwdG--d8021fe7b8838cf795f3b431b3e66642cbb9d248
  Parameters: {"action"=>"new", "controller"=>"sessions"}
Rendering template within layouts/application
Rendering sessions/new
Completed in 0.00808 (123 reqs/sec) | Rendering: 0.00598 (74%) | DB: 0.00000 (0%) | 200 OK [http://localhost/login]


Processing ForgotController#edit (for 127.0.0.1 at 2008-10-18 10:46:29) [GET]
  Session ID: BAh7BzoOcmV0dXJuX3RvMCIKZmxhc2hJQzonQWN0aW9uQ29udHJvbGxlcjo6
Rmxhc2g6OkZsYXNoSGFzaHsGOgtub3RpY2UiP0EgcGFzc3dvcmQgcmVzZXQg
bGluayBoYXMgYmVlbiBzZW50IHRvIHlvdXIgZW1haWwgYWRkcmVzcy4GOgpA
dXNlZHsGOwdU--ce8285f3fdb00787f7ae3d46770d8c07692e55f6
  Parameters: {"action"=>"edit", "id"=>"d08203ec48f364566523287288c5547590964e32", "controller"=>"forgot"}
  [4;35;1mUser Columns (0.001824)[0m   [0mSHOW FIELDS FROM `users`[0m
  [4;36;1mUser Load (0.000243)[0m   [0;1mSELECT * FROM `users` WHERE (`users`.`password_reset_code` = 'd08203ec48f364566523287288c5547590964e32') LIMIT 1[0m
Rendering template within layouts/application
Rendering forgot/edit
Completed in 0.02553 (39 reqs/sec) | Rendering: 0.02018 (79%) | DB: 0.00207 (8%) | 200 OK [http://localhost/reset_password/d08203ec48f364566523287288c5547590964e32]
